{ "origin": "CodeQL Kotlin extractor", "timestamp": "2023-04-13 21:19:18", "kind": "INFO", "message": "Extraction started" }
{ "origin": "CodeQL Kotlin extractor", "timestamp": "2023-04-13 21:19:18", "kind": "INFO", "message": "Extraction for invocation TRAP file \/Users\/joaojunqueira\/IdeaProjects\/SecureCard\/SecureCardDB\/trap\/java\/invocations\/kotlin.5760164995041757430.trap" }
{ "origin": "CodeQL Kotlin extractor", "timestamp": "2023-04-13 21:19:18", "kind": "INFO", "message": "Kotlin version 1.7.22" }
{ "origin": "CodeQL Kotlin extractor", "timestamp": "2023-04-13 21:19:18", "kind": "INFO", "message": "Peak memory: Usage before extractor" }
{ "origin": "CodeQL Kotlin extractor", "timestamp": "2023-04-13 21:19:18", "kind": "INFO", "message": "Peak memory: * Peak for non-heap bean CodeHeap 'non-nmethods' is 1558144" }
{ "origin": "CodeQL Kotlin extractor", "timestamp": "2023-04-13 21:19:18", "kind": "INFO", "message": "Peak memory: * Peak for non-heap bean Metaspace is 66495632" }
{ "origin": "CodeQL Kotlin extractor", "timestamp": "2023-04-13 21:19:18", "kind": "INFO", "message": "Peak memory: * Peak for non-heap bean CodeHeap 'profiled nmethods' is 15909888" }
{ "origin": "CodeQL Kotlin extractor", "timestamp": "2023-04-13 21:19:18", "kind": "INFO", "message": "Peak memory: * Peak for non-heap bean Compressed Class Space is 7777384" }
{ "origin": "CodeQL Kotlin extractor", "timestamp": "2023-04-13 21:19:18", "kind": "INFO", "message": "Peak memory: * Peak for heap bean G1 Eden Space is 78643200" }
{ "origin": "CodeQL Kotlin extractor", "timestamp": "2023-04-13 21:19:18", "kind": "INFO", "message": "Peak memory: * Peak for heap bean G1 Old Gen is 42517504" }
{ "origin": "CodeQL Kotlin extractor", "timestamp": "2023-04-13 21:19:18", "kind": "INFO", "message": "Peak memory: * Peak for heap bean G1 Survivor Space is 8093792" }
{ "origin": "CodeQL Kotlin extractor", "timestamp": "2023-04-13 21:19:18", "kind": "INFO", "message": "Peak memory: * Peak for non-heap bean CodeHeap 'non-profiled nmethods' is 2890880" }
{ "origin": "CodeQL Kotlin extractor", "timestamp": "2023-04-13 21:19:18", "kind": "INFO", "message": "Peak memory: * Total heap peak: 129254496" }
{ "origin": "CodeQL Kotlin extractor", "timestamp": "2023-04-13 21:19:18", "kind": "INFO", "message": "Peak memory: * Total non-heap peak: 94631928" }
{ "origin": "CodeQL Kotlin extractor", "timestamp": "2023-04-13 21:19:18", "kind": "INFO", "message": "Extracting file \/Users\/joaojunqueira\/IdeaProjects\/SecureCard\/src\/main\/kotlin\/com\/example\/securecard\/DTO\/LoginDTO.kt" }
{ "origin": "CodeQL Kotlin extractor", "timestamp": "2023-04-13 21:19:35", "kind": "INFO", "message": "Extracting file \/Users\/joaojunqueira\/IdeaProjects\/SecureCard\/src\/main\/kotlin\/com\/example\/securecard\/DTO\/Message.kt" }
{ "origin": "CodeQL Kotlin extractor", "timestamp": "2023-04-13 21:19:35", "kind": "INFO", "message": "Skipping extracting external decl String" }
{ "origin": "CodeQL Kotlin extractor", "timestamp": "2023-04-13 21:19:35", "kind": "INFO", "message": "Skipping extracting external decl String" }
{ "origin": "CodeQL Kotlin extractor", "timestamp": "2023-04-13 21:19:35", "kind": "INFO", "message": "Skipping extracting external decl Unit" }
{ "origin": "CodeQL Kotlin extractor", "timestamp": "2023-04-13 21:19:35", "kind": "INFO", "message": "Skipping extracting external decl NotNull" }
{ "origin": "CodeQL Kotlin extractor", "timestamp": "2023-04-13 21:19:35", "kind": "INFO", "message": "Skipping extracting external decl Object" }
{ "origin": "CodeQL Kotlin extractor", "timestamp": "2023-04-13 21:19:35", "kind": "INFO", "message": "Skipping extracting external decl Any" }
{ "origin": "CodeQL Kotlin extractor", "timestamp": "2023-04-13 21:19:35", "kind": "INFO", "message": "Extracting file \/Users\/joaojunqueira\/IdeaProjects\/SecureCard\/src\/main\/kotlin\/com\/example\/securecard\/SecureCardApplication.kt" }
{ "origin": "CodeQL Kotlin extractor", "timestamp": "2023-04-13 21:19:35", "kind": "INFO", "message": "Skipping extracting external decl Unit" }
{ "origin": "CodeQL Kotlin extractor", "timestamp": "2023-04-13 21:19:35", "kind": "INFO", "message": "Skipping extracting external decl Object" }
{ "origin": "CodeQL Kotlin extractor", "timestamp": "2023-04-13 21:19:35", "kind": "INFO", "message": "Skipping extracting external decl Any" }
{ "origin": "CodeQL Kotlin extractor", "timestamp": "2023-04-13 21:19:35", "kind": "INFO", "message": "Skipping extracting external decl Class" }
{ "origin": "CodeQL Kotlin extractor", "timestamp": "2023-04-13 21:19:35", "kind": "INFO", "message": "Skipping extracting external decl Serializable" }
{ "origin": "CodeQL Kotlin extractor", "timestamp": "2023-04-13 21:19:35", "kind": "INFO", "message": "Skipping extracting external decl GenericDeclaration" }
{ "origin": "CodeQL Kotlin extractor", "timestamp": "2023-04-13 21:19:35", "kind": "INFO", "message": "Skipping extracting external decl Type" }
{ "origin": "CodeQL Kotlin extractor", "timestamp": "2023-04-13 21:19:35", "kind": "INFO", "message": "Skipping extracting external decl AnnotatedElement" }
{ "origin": "CodeQL Kotlin extractor", "timestamp": "2023-04-13 21:19:35", "kind": "INFO", "message": "Skipping extracting external decl OfField" }
{ "origin": "CodeQL Kotlin extractor", "timestamp": "2023-04-13 21:19:35", "kind": "INFO", "message": "Skipping extracting external decl TypeDescriptor" }
{ "origin": "CodeQL Kotlin extractor", "timestamp": "2023-04-13 21:19:35", "kind": "INFO", "message": "Skipping extracting external decl Constable" }
{ "origin": "CodeQL Kotlin extractor", "timestamp": "2023-04-13 21:19:35", "kind": "INFO", "message": "Skipping extracting external decl Cloneable" }
{ "origin": "CodeQL Kotlin extractor", "timestamp": "2023-04-13 21:19:35", "kind": "INFO", "message": "Skipping extracting external decl Cloneable" }
{ "origin": "CodeQL Kotlin extractor", "timestamp": "2023-04-13 21:19:35", "kind": "INFO", "message": "Skipping extracting external decl Integer" }
{ "origin": "CodeQL Kotlin extractor", "timestamp": "2023-04-13 21:19:35", "kind": "INFO", "message": "Skipping extracting external decl Int" }
{ "origin": "CodeQL Kotlin extractor", "timestamp": "2023-04-13 21:19:35", "kind": "INFO", "message": "Skipping extracting external decl String" }
{ "origin": "CodeQL Kotlin extractor", "timestamp": "2023-04-13 21:19:35", "kind": "INFO", "message": "Skipping extracting external decl String" }
{ "origin": "CodeQL Kotlin extractor", "timestamp": "2023-04-13 21:19:35", "kind": "INFO", "message": "Skipping extracting external decl Boolean" }
{ "origin": "CodeQL Kotlin extractor", "timestamp": "2023-04-13 21:19:35", "kind": "INFO", "message": "Skipping extracting external decl Boolean" }
{ "origin": "CodeQL Kotlin extractor", "timestamp": "2023-04-13 21:19:35", "kind": "INFO", "message": "Skipping extracting external decl NotNull" }
{ "origin": "CodeQL Kotlin extractor", "timestamp": "2023-04-13 21:19:35", "kind": "INFO", "message": "Skipping extracting external decl Annotation" }
{ "origin": "CodeQL Kotlin extractor", "timestamp": "2023-04-13 21:19:35", "kind": "INFO", "message": "Skipping extracting external decl Annotation" }
{ "origin": "CodeQL Kotlin extractor", "timestamp": "2023-04-13 21:19:35", "kind": "INFO", "message": "Skipping extracting external decl Deprecated" }
{ "origin": "CodeQL Kotlin extractor", "timestamp": "2023-04-13 21:19:35", "kind": "INFO", "message": "Skipping extracting external decl MustBeDocumented" }
{ "origin": "CodeQL Kotlin extractor", "timestamp": "2023-04-13 21:19:35", "kind": "INFO", "message": "Skipping extracting external decl Retention" }
{ "origin": "CodeQL Kotlin extractor", "timestamp": "2023-04-13 21:19:35", "kind": "INFO", "message": "Skipping extracting external decl AnnotationRetention" }
{ "origin": "CodeQL Kotlin extractor", "timestamp": "2023-04-13 21:19:35", "kind": "INFO", "message": "Skipping extracting external decl Target" }
{ "origin": "CodeQL Kotlin extractor", "timestamp": "2023-04-13 21:19:35", "kind": "INFO", "message": "Skipping extracting external decl AnnotationTarget" }
{ "origin": "CodeQL Kotlin extractor", "timestamp": "2023-04-13 21:19:35", "kind": "WARN", "message": "Diagnostic(com.github.codeql.KotlinFileExtractor.extractClassSource(KotlinFileExtractor.kt:663)): At <unknown location while processing \/Users\/joaojunqueira\/IdeaProjects\/SecureCard\/src\/main\/kotlin\/com\/example\/securecard\/SecureCardApplication.kt>: Expected an annotation property to have a getter  ...while extracting a class source (EnableAutoConfiguration) at file:\/\/\/Users\/joaojunqueira\/.gradle\/caches\/modules-2\/files-2.1\/org.springframework.boot\/spring-boot-autoconfigure\/3.0.5\/fa43d48c30a0105562ac8b0fb34e58deaa19737c\/spring-boot-autoconfigure-3.0.5.jar!\/org\/springframework\/boot\/autoconfigure\/EnableAutoConfiguration.class\n" }
{ "origin": "CodeQL Kotlin extractor", "timestamp": "2023-04-13 21:19:35", "kind": "INFO", "message": "Skipping extracting external decl ClassLoader" }
{ "origin": "CodeQL Kotlin extractor", "timestamp": "2023-04-13 21:19:35", "kind": "INFO", "message": "Skipping extracting external decl Closeable" }
{ "origin": "CodeQL Kotlin extractor", "timestamp": "2023-04-13 21:19:35", "kind": "INFO", "message": "Skipping extracting external decl Enum" }
{ "origin": "CodeQL Kotlin extractor", "timestamp": "2023-04-13 21:19:35", "kind": "INFO", "message": "Skipping extracting external decl Comparable" }
{ "origin": "CodeQL Kotlin extractor", "timestamp": "2023-04-13 21:19:35", "kind": "INFO", "message": "Skipping extracting external decl Comparable" }
{ "origin": "CodeQL Kotlin extractor", "timestamp": "2023-04-13 21:19:35", "kind": "INFO", "message": "Skipping extracting external decl Optional" }
{ "origin": "CodeQL Kotlin extractor", "timestamp": "2023-04-13 21:19:35", "kind": "INFO", "message": "Skipping extracting external decl EnumDesc" }
{ "origin": "CodeQL Kotlin extractor", "timestamp": "2023-04-13 21:19:35", "kind": "INFO", "message": "Skipping extracting external decl DynamicConstantDesc" }
{ "origin": "CodeQL Kotlin extractor", "timestamp": "2023-04-13 21:19:35", "kind": "INFO", "message": "Skipping extracting external decl ConstantDesc" }
{ "origin": "CodeQL Kotlin extractor", "timestamp": "2023-04-13 21:19:35", "kind": "INFO", "message": "Skipping extracting external decl Enum" }
{ "origin": "CodeQL Kotlin extractor", "timestamp": "2023-04-13 21:19:36", "kind": "INFO", "message": "Skipping extracting external decl List" }
{ "origin": "CodeQL Kotlin extractor", "timestamp": "2023-04-13 21:19:36", "kind": "INFO", "message": "Skipping extracting external decl Collection" }
{ "origin": "CodeQL Kotlin extractor", "timestamp": "2023-04-13 21:19:36", "kind": "INFO", "message": "Skipping extracting external decl Iterable" }
{ "origin": "CodeQL Kotlin extractor", "timestamp": "2023-04-13 21:19:36", "kind": "INFO", "message": "Skipping extracting external decl MutableIterable" }
{ "origin": "CodeQL Kotlin extractor", "timestamp": "2023-04-13 21:19:36", "kind": "INFO", "message": "Skipping extracting external decl MutableCollection" }
{ "origin": "CodeQL Kotlin extractor", "timestamp": "2023-04-13 21:19:36", "kind": "INFO", "message": "Skipping extracting external decl MutableList" }
{ "origin": "CodeQL Kotlin extractor", "timestamp": "2023-04-13 21:19:36", "kind": "INFO", "message": "Skipping extracting external decl Map" }
{ "origin": "CodeQL Kotlin extractor", "timestamp": "2023-04-13 21:19:36", "kind": "INFO", "message": "Skipping extracting external decl MutableMap" }
{ "origin": "CodeQL Kotlin extractor", "timestamp": "2023-04-13 21:19:36", "kind": "INFO", "message": "Skipping extracting external decl Long" }
{ "origin": "CodeQL Kotlin extractor", "timestamp": "2023-04-13 21:19:36", "kind": "INFO", "message": "Skipping extracting external decl Long" }
{ "origin": "CodeQL Kotlin extractor", "timestamp": "2023-04-13 21:19:36", "kind": "INFO", "message": "Skipping extracting external decl FunctionalInterface" }
{ "origin": "CodeQL Kotlin extractor", "timestamp": "2023-04-13 21:19:36", "kind": "INFO", "message": "Skipping extracting external decl Consumer" }
{ "origin": "CodeQL Kotlin extractor", "timestamp": "2023-04-13 21:19:36", "kind": "INFO", "message": "Skipping extracting external decl Iterator" }
{ "origin": "CodeQL Kotlin extractor", "timestamp": "2023-04-13 21:19:36", "kind": "INFO", "message": "Skipping extracting external decl MutableIterator" }
{ "origin": "CodeQL Kotlin extractor", "timestamp": "2023-04-13 21:19:36", "kind": "INFO", "message": "Skipping extracting external decl Predicate" }
{ "origin": "CodeQL Kotlin extractor", "timestamp": "2023-04-13 21:19:36", "kind": "INFO", "message": "Skipping extracting external decl Set" }
{ "origin": "CodeQL Kotlin extractor", "timestamp": "2023-04-13 21:19:36", "kind": "INFO", "message": "Skipping extracting external decl MutableSet" }
{ "origin": "CodeQL Kotlin extractor", "timestamp": "2023-04-13 21:19:36", "kind": "INFO", "message": "Skipping extracting external decl Spliterator" }
{ "origin": "CodeQL Kotlin extractor", "timestamp": "2023-04-13 21:19:36", "kind": "INFO", "message": "Skipping extracting external decl Stream" }
{ "origin": "CodeQL Kotlin extractor", "timestamp": "2023-04-13 21:19:36", "kind": "INFO", "message": "Skipping extracting external decl BaseStream" }
{ "origin": "CodeQL Kotlin extractor", "timestamp": "2023-04-13 21:19:36", "kind": "INFO", "message": "Skipping extracting external decl AutoCloseable" }
{ "origin": "CodeQL Kotlin extractor", "timestamp": "2023-04-13 21:19:36", "kind": "INFO", "message": "Skipping extracting external decl Locale" }
{ "origin": "CodeQL Kotlin extractor", "timestamp": "2023-04-13 21:19:37", "kind": "INFO", "message": "Skipping extracting external decl Supplier" }
{ "origin": "CodeQL Kotlin extractor", "timestamp": "2023-04-13 21:19:37", "kind": "INFO", "message": "Skipping extracting external decl Clock" }
{ "origin": "CodeQL Kotlin extractor", "timestamp": "2023-04-13 21:19:37", "kind": "INFO", "message": "Skipping extracting external decl URL" }
{ "origin": "CodeQL Kotlin extractor", "timestamp": "2023-04-13 21:19:37", "kind": "INFO", "message": "Skipping extracting external decl URI" }
{ "origin": "CodeQL Kotlin extractor", "timestamp": "2023-04-13 21:19:37", "kind": "INFO", "message": "Skipping extracting external decl File" }
{ "origin": "CodeQL Kotlin extractor", "timestamp": "2023-04-13 21:19:37", "kind": "INFO", "message": "Skipping extracting external decl ReadableByteChannel" }
{ "origin": "CodeQL Kotlin extractor", "timestamp": "2023-04-13 21:19:37", "kind": "INFO", "message": "Skipping extracting external decl Byte" }
{ "origin": "CodeQL Kotlin extractor", "timestamp": "2023-04-13 21:19:37", "kind": "INFO", "message": "Skipping extracting external decl Byte" }
{ "origin": "CodeQL Kotlin extractor", "timestamp": "2023-04-13 21:19:37", "kind": "INFO", "message": "Skipping extracting external decl Charset" }
{ "origin": "CodeQL Kotlin extractor", "timestamp": "2023-04-13 21:19:37", "kind": "INFO", "message": "Skipping extracting external decl Field" }
{ "origin": "CodeQL Kotlin extractor", "timestamp": "2023-04-13 21:19:37", "kind": "INFO", "message": "Skipping extracting external decl Constructor" }
{ "origin": "CodeQL Kotlin extractor", "timestamp": "2023-04-13 21:19:37", "kind": "INFO", "message": "Skipping extracting external decl Executable" }
{ "origin": "CodeQL Kotlin extractor", "timestamp": "2023-04-13 21:19:37", "kind": "INFO", "message": "Skipping extracting external decl Method" }
{ "origin": "CodeQL Kotlin extractor", "timestamp": "2023-04-13 21:19:37", "kind": "INFO", "message": "Skipping extracting external decl Function" }
{ "origin": "CodeQL Kotlin extractor", "timestamp": "2023-04-13 21:19:37", "kind": "INFO", "message": "Skipping extracting external decl Number" }
{ "origin": "CodeQL Kotlin extractor", "timestamp": "2023-04-13 21:19:37", "kind": "INFO", "message": "Skipping extracting external decl Number" }
{ "origin": "CodeQL Kotlin extractor", "timestamp": "2023-04-13 21:19:37", "kind": "INFO", "message": "Skipping extracting external decl AbstractMap" }
{ "origin": "CodeQL Kotlin extractor", "timestamp": "2023-04-13 21:19:37", "kind": "INFO", "message": "Skipping extracting external decl Entry" }
{ "origin": "CodeQL Kotlin extractor", "timestamp": "2023-04-13 21:19:37", "kind": "INFO", "message": "Skipping extracting external decl MutableEntry" }
{ "origin": "CodeQL Kotlin extractor", "timestamp": "2023-04-13 21:19:37", "kind": "INFO", "message": "Skipping extracting external decl BiConsumer" }
{ "origin": "CodeQL Kotlin extractor", "timestamp": "2023-04-13 21:19:37", "kind": "INFO", "message": "Skipping extracting external decl BiFunction" }
{ "origin": "CodeQL Kotlin extractor", "timestamp": "2023-04-13 21:19:37", "kind": "INFO", "message": "Skipping extracting external decl Map" }
{ "origin": "CodeQL Kotlin extractor", "timestamp": "2023-04-13 21:19:37", "kind": "INFO", "message": "Skipping extracting external decl Float" }
{ "origin": "CodeQL Kotlin extractor", "timestamp": "2023-04-13 21:19:37", "kind": "INFO", "message": "Skipping extracting external decl Float" }
{ "origin": "CodeQL Kotlin extractor", "timestamp": "2023-04-13 21:19:37", "kind": "INFO", "message": "Skipping extracting external decl ObjectOutputStream" }
{ "origin": "CodeQL Kotlin extractor", "timestamp": "2023-04-13 21:19:37", "kind": "INFO", "message": "Skipping extracting external decl InputStream" }
{ "origin": "CodeQL Kotlin extractor", "timestamp": "2023-04-13 21:19:37", "kind": "INFO", "message": "Skipping extracting external decl Member" }
{ "origin": "CodeQL Kotlin extractor", "timestamp": "2023-04-13 21:19:37", "kind": "INFO", "message": "Skipping extracting external decl Parameter" }
{ "origin": "CodeQL Kotlin extractor", "timestamp": "2023-04-13 21:19:38", "kind": "INFO", "message": "Skipping extracting external decl Runnable" }
{ "origin": "CodeQL Kotlin extractor", "timestamp": "2023-04-13 21:19:38", "kind": "INFO", "message": "Skipping extracting external decl TypeVariable" }
{ "origin": "CodeQL Kotlin extractor", "timestamp": "2023-04-13 21:19:38", "kind": "INFO", "message": "Skipping extracting external decl Comparator" }
{ "origin": "CodeQL Kotlin extractor", "timestamp": "2023-04-13 21:19:38", "kind": "INFO", "message": "Skipping extracting external decl Throwable" }
{ "origin": "CodeQL Kotlin extractor", "timestamp": "2023-04-13 21:19:38", "kind": "INFO", "message": "Skipping extracting external decl Throwable" }
{ "origin": "CodeQL Kotlin extractor", "timestamp": "2023-04-13 21:19:38", "kind": "INFO", "message": "Skipping extracting external decl AttributedCharacterIterator" }
{ "origin": "CodeQL Kotlin extractor", "timestamp": "2023-04-13 21:19:38", "kind": "INFO", "message": "Skipping extracting external decl Character" }
{ "origin": "CodeQL Kotlin extractor", "timestamp": "2023-04-13 21:19:38", "kind": "INFO", "message": "Skipping extracting external decl Char" }
{ "origin": "CodeQL Kotlin extractor", "timestamp": "2023-04-13 21:19:38", "kind": "INFO", "message": "Skipping extracting external decl Double" }
{ "origin": "CodeQL Kotlin extractor", "timestamp": "2023-04-13 21:19:38", "kind": "INFO", "message": "Skipping extracting external decl Double" }
{ "origin": "CodeQL Kotlin extractor", "timestamp": "2023-04-13 21:19:38", "kind": "INFO", "message": "Skipping extracting external decl AccessControlContext" }
{ "origin": "CodeQL Kotlin extractor", "timestamp": "2023-04-13 21:19:39", "kind": "INFO", "message": "Skipping extracting external decl PrintStream" }
{ "origin": "CodeQL Kotlin extractor", "timestamp": "2023-04-13 21:19:39", "kind": "INFO", "message": "Skipping extracting external decl PrintWriter" }
{ "origin": "CodeQL Kotlin extractor", "timestamp": "2023-04-13 21:19:39", "kind": "INFO", "message": "Skipping extracting external decl Short" }
{ "origin": "CodeQL Kotlin extractor", "timestamp": "2023-04-13 21:19:39", "kind": "INFO", "message": "Skipping extracting external decl Short" }
{ "origin": "CodeQL Kotlin extractor", "timestamp": "2023-04-13 21:19:39", "kind": "INFO", "message": "Skipping extracting external decl AbstractCollection" }
{ "origin": "CodeQL Kotlin extractor", "timestamp": "2023-04-13 21:19:39", "kind": "INFO", "message": "Skipping extracting external decl ConcurrentMap" }
{ "origin": "CodeQL Kotlin extractor", "timestamp": "2023-04-13 21:19:39", "kind": "INFO", "message": "Skipping extracting external decl AbstractSet" }
{ "origin": "CodeQL Kotlin extractor", "timestamp": "2023-04-13 21:19:39", "kind": "INFO", "message": "Skipping extracting external decl IntFunction" }
{ "origin": "CodeQL Kotlin extractor", "timestamp": "2023-04-13 21:19:39", "kind": "INFO", "message": "Skipping extracting external decl Collection" }
{ "origin": "CodeQL Kotlin extractor", "timestamp": "2023-04-13 21:19:40", "kind": "INFO", "message": "Skipping extracting external decl Attribute" }
{ "origin": "CodeQL Kotlin extractor", "timestamp": "2023-04-13 21:19:40", "kind": "INFO", "message": "Skipping extracting external decl CharacterIterator" }
{ "origin": "CodeQL Kotlin extractor", "timestamp": "2023-04-13 21:19:40", "kind": "INFO", "message": "Skipping extracting external decl Properties" }
{ "origin": "CodeQL Kotlin extractor", "timestamp": "2023-04-13 21:19:41", "kind": "INFO", "message": "Skipping extracting external decl Subset" }
{ "origin": "CodeQL Kotlin extractor", "timestamp": "2023-04-13 21:19:41", "kind": "INFO", "message": "Skipping extracting external decl WeakReference" }
{ "origin": "CodeQL Kotlin extractor", "timestamp": "2023-04-13 21:19:41", "kind": "INFO", "message": "Skipping extracting external decl Reference" }
{ "origin": "CodeQL Kotlin extractor", "timestamp": "2023-04-13 21:19:41", "kind": "INFO", "message": "Skipping extracting external decl ThreadGroup" }
{ "origin": "CodeQL Kotlin extractor", "timestamp": "2023-04-13 21:19:41", "kind": "INFO", "message": "Skipping extracting external decl ListIterator" }
{ "origin": "CodeQL Kotlin extractor", "timestamp": "2023-04-13 21:19:41", "kind": "INFO", "message": "Skipping extracting external decl MutableListIterator" }
{ "origin": "CodeQL Kotlin extractor", "timestamp": "2023-04-13 21:19:41", "kind": "INFO", "message": "Skipping extracting external decl UnaryOperator" }
{ "origin": "CodeQL Kotlin extractor", "timestamp": "2023-04-13 21:19:41", "kind": "INFO", "message": "Skipping extracting external decl Enumeration" }
{ "origin": "CodeQL Kotlin extractor", "timestamp": "2023-04-13 21:19:41", "kind": "INFO", "message": "Skipping extracting external decl StringBuilder" }
{ "origin": "CodeQL Kotlin extractor", "timestamp": "2023-04-13 21:19:41", "kind": "INFO", "message": "Skipping extracting external decl ReentrantLock" }
{ "origin": "CodeQL Kotlin extractor", "timestamp": "2023-04-13 21:19:41", "kind": "INFO", "message": "Skipping extracting external decl Hashtable" }
{ "origin": "CodeQL Kotlin extractor", "timestamp": "2023-04-13 21:19:41", "kind": "INFO", "message": "Skipping extracting external decl Dictionary" }
{ "origin": "CodeQL Kotlin extractor", "timestamp": "2023-04-13 21:19:42", "kind": "INFO", "message": "Skipping extracting external decl FilenameFilter" }
{ "origin": "CodeQL Kotlin extractor", "timestamp": "2023-04-13 21:19:42", "kind": "INFO", "message": "Skipping extracting external decl SortedMap" }
{ "origin": "CodeQL Kotlin extractor", "timestamp": "2023-04-13 21:19:42", "kind": "INFO", "message": "Skipping extracting external decl CallerSensitive" }
{ "origin": "CodeQL Kotlin extractor", "timestamp": "2023-04-13 21:19:42", "kind": "INFO", "message": "Skipping extracting external decl Module" }
{ "origin": "CodeQL Kotlin extractor", "timestamp": "2023-04-13 21:19:42", "kind": "INFO", "message": "Skipping extracting external decl Thread" }
{ "origin": "CodeQL Kotlin extractor", "timestamp": "2023-04-13 21:19:42", "kind": "INFO", "message": "Skipping extracting external decl PrivilegedAction" }
{ "origin": "CodeQL Kotlin extractor", "timestamp": "2023-04-13 21:19:43", "kind": "INFO", "message": "Skipping extracting external decl Permission" }
{ "origin": "CodeQL Kotlin extractor", "timestamp": "2023-04-13 21:19:43", "kind": "INFO", "message": "Skipping extracting external decl ObjectOutput" }
{ "origin": "CodeQL Kotlin extractor", "timestamp": "2023-04-13 21:19:43", "kind": "INFO", "message": "Skipping extracting external decl ObjectInput" }
{ "origin": "CodeQL Kotlin extractor", "timestamp": "2023-04-13 21:19:43", "kind": "INFO", "message": "Skipping extracting external decl Reader" }
{ "origin": "CodeQL Kotlin extractor", "timestamp": "2023-04-13 21:19:43", "kind": "INFO", "message": "Skipping extracting external decl BigInteger" }
{ "origin": "CodeQL Kotlin extractor", "timestamp": "2023-04-13 21:19:43", "kind": "INFO", "message": "Skipping extracting external decl CharsetEncoder" }
{ "origin": "CodeQL Kotlin extractor", "timestamp": "2023-04-13 21:19:43", "kind": "INFO", "message": "Skipping extracting external decl CharBuffer" }
{ "origin": "CodeQL Kotlin extractor", "timestamp": "2023-04-13 21:19:43", "kind": "INFO", "message": "Skipping extracting external decl ByteBuffer" }
{ "origin": "CodeQL Kotlin extractor", "timestamp": "2023-04-13 21:19:43", "kind": "INFO", "message": "Skipping extracting external decl OutputStream" }
{ "origin": "CodeQL Kotlin extractor", "timestamp": "2023-04-13 21:19:44", "kind": "INFO", "message": "Skipping extracting external decl ConcurrentHashMap" }
{ "origin": "CodeQL Kotlin extractor", "timestamp": "2023-04-13 21:19:44", "kind": "INFO", "message": "Skipping extracting external decl ObjectInputStream" }
{ "origin": "CodeQL Kotlin extractor", "timestamp": "2023-04-13 21:19:44", "kind": "INFO", "message": "Skipping extracting external decl ReferenceQueue" }
{ "origin": "CodeQL Kotlin extractor", "timestamp": "2023-04-13 21:19:44", "kind": "INFO", "message": "Extracting file \/Users\/joaojunqueira\/IdeaProjects\/SecureCard\/src\/main\/kotlin\/com\/example\/securecard\/WebConfig.kt" }
{ "origin": "CodeQL Kotlin extractor", "timestamp": "2023-04-13 21:19:44", "kind": "INFO", "message": "Skipping extracting external decl Unit" }
{ "origin": "CodeQL Kotlin extractor", "timestamp": "2023-04-13 21:19:44", "kind": "INFO", "message": "Skipping extracting external decl Object" }
{ "origin": "CodeQL Kotlin extractor", "timestamp": "2023-04-13 21:19:44", "kind": "INFO", "message": "Skipping extracting external decl NotNull" }
{ "origin": "CodeQL Kotlin extractor", "timestamp": "2023-04-13 21:19:44", "kind": "INFO", "message": "Skipping extracting external decl String" }
{ "origin": "CodeQL Kotlin extractor", "timestamp": "2023-04-13 21:19:44", "kind": "INFO", "message": "Skipping extracting external decl String" }
{ "origin": "CodeQL Kotlin extractor", "timestamp": "2023-04-13 21:19:44", "kind": "INFO", "message": "Skipping extracting external decl Boolean" }
{ "origin": "CodeQL Kotlin extractor", "timestamp": "2023-04-13 21:19:44", "kind": "INFO", "message": "Skipping extracting external decl Boolean" }
{ "origin": "CodeQL Kotlin extractor", "timestamp": "2023-04-13 21:19:44", "kind": "INFO", "message": "Skipping extracting external decl Any" }
{ "origin": "CodeQL Kotlin extractor", "timestamp": "2023-04-13 21:19:44", "kind": "INFO", "message": "Skipping extracting external decl Cloneable" }
{ "origin": "CodeQL Kotlin extractor", "timestamp": "2023-04-13 21:19:44", "kind": "INFO", "message": "Skipping extracting external decl Cloneable" }
{ "origin": "CodeQL Kotlin extractor", "timestamp": "2023-04-13 21:19:44", "kind": "INFO", "message": "Skipping extracting external decl Serializable" }
{ "origin": "CodeQL Kotlin extractor", "timestamp": "2023-04-13 21:19:44", "kind": "INFO", "message": "Skipping extracting external decl Integer" }
{ "origin": "CodeQL Kotlin extractor", "timestamp": "2023-04-13 21:19:44", "kind": "INFO", "message": "Skipping extracting external decl Int" }
{ "origin": "CodeQL Kotlin extractor", "timestamp": "2023-04-13 21:19:44", "kind": "INFO", "message": "Skipping extracting external decl Configuration" }
{ "origin": "CodeQL Kotlin extractor", "timestamp": "2023-04-13 21:19:44", "kind": "INFO", "message": "Skipping extracting external decl Deprecated" }
{ "origin": "CodeQL Kotlin extractor", "timestamp": "2023-04-13 21:19:44", "kind": "INFO", "message": "Skipping extracting external decl Map" }
{ "origin": "CodeQL Kotlin extractor", "timestamp": "2023-04-13 21:19:44", "kind": "INFO", "message": "Skipping extracting external decl MutableMap" }
{ "origin": "CodeQL Kotlin extractor", "timestamp": "2023-04-13 21:19:44", "kind": "INFO", "message": "Skipping extracting external decl Long" }
{ "origin": "CodeQL Kotlin extractor", "timestamp": "2023-04-13 21:19:44", "kind": "INFO", "message": "Skipping extracting external decl Long" }
{ "origin": "CodeQL Kotlin extractor", "timestamp": "2023-04-13 21:19:45", "kind": "INFO", "message": "Skipping extracting external decl List" }
{ "origin": "CodeQL Kotlin extractor", "timestamp": "2023-04-13 21:19:45", "kind": "INFO", "message": "Skipping extracting external decl Collection" }
{ "origin": "CodeQL Kotlin extractor", "timestamp": "2023-04-13 21:19:45", "kind": "INFO", "message": "Skipping extracting external decl Iterable" }
{ "origin": "CodeQL Kotlin extractor", "timestamp": "2023-04-13 21:19:45", "kind": "INFO", "message": "Skipping extracting external decl MutableIterable" }
{ "origin": "CodeQL Kotlin extractor", "timestamp": "2023-04-13 21:19:45", "kind": "INFO", "message": "Skipping extracting external decl MutableCollection" }
{ "origin": "CodeQL Kotlin extractor", "timestamp": "2023-04-13 21:19:45", "kind": "INFO", "message": "Skipping extracting external decl MutableList" }
{ "origin": "CodeQL Kotlin extractor", "timestamp": "2023-04-13 21:19:45", "kind": "INFO", "message": "Skipping extracting external decl Nullable" }
{ "origin": "CodeQL Kotlin extractor", "timestamp": "2023-04-13 21:19:45", "kind": "INFO", "message": "Skipping extracting external decl Annotation" }
{ "origin": "CodeQL Kotlin extractor", "timestamp": "2023-04-13 21:19:45", "kind": "INFO", "message": "Skipping extracting external decl Annotation" }
{ "origin": "CodeQL Kotlin extractor", "timestamp": "2023-04-13 21:19:45", "kind": "INFO", "message": "Skipping extracting external decl MustBeDocumented" }
{ "origin": "CodeQL Kotlin extractor", "timestamp": "2023-04-13 21:19:45", "kind": "INFO", "message": "Skipping extracting external decl Retention" }
{ "origin": "CodeQL Kotlin extractor", "timestamp": "2023-04-13 21:19:45", "kind": "INFO", "message": "Skipping extracting external decl AnnotationRetention" }
{ "origin": "CodeQL Kotlin extractor", "timestamp": "2023-04-13 21:19:45", "kind": "INFO", "message": "Skipping extracting external decl Target" }
{ "origin": "CodeQL Kotlin extractor", "timestamp": "2023-04-13 21:19:45", "kind": "INFO", "message": "Skipping extracting external decl AnnotationTarget" }
{ "origin": "CodeQL Kotlin extractor", "timestamp": "2023-04-13 21:19:45", "kind": "INFO", "message": "Skipping extracting external decl Import" }
{ "origin": "CodeQL Kotlin extractor", "timestamp": "2023-04-13 21:19:45", "kind": "INFO", "message": "Skipping extracting external decl Class" }
{ "origin": "CodeQL Kotlin extractor", "timestamp": "2023-04-13 21:19:45", "kind": "INFO", "message": "Skipping extracting external decl GenericDeclaration" }
{ "origin": "CodeQL Kotlin extractor", "timestamp": "2023-04-13 21:19:45", "kind": "INFO", "message": "Skipping extracting external decl Type" }
{ "origin": "CodeQL Kotlin extractor", "timestamp": "2023-04-13 21:19:45", "kind": "INFO", "message": "Skipping extracting external decl AnnotatedElement" }
{ "origin": "CodeQL Kotlin extractor", "timestamp": "2023-04-13 21:19:45", "kind": "INFO", "message": "Skipping extracting external decl OfField" }
{ "origin": "CodeQL Kotlin extractor", "timestamp": "2023-04-13 21:19:45", "kind": "INFO", "message": "Skipping extracting external decl TypeDescriptor" }
{ "origin": "CodeQL Kotlin extractor", "timestamp": "2023-04-13 21:19:45", "kind": "INFO", "message": "Skipping extracting external decl Constable" }
{ "origin": "CodeQL Kotlin extractor", "timestamp": "2023-04-13 21:19:45", "kind": "INFO", "message": "Skipping extracting external decl Duration" }
{ "origin": "CodeQL Kotlin extractor", "timestamp": "2023-04-13 21:19:45", "kind": "INFO", "message": "Skipping extracting external decl Predicate" }
{ "origin": "CodeQL Kotlin extractor", "timestamp": "2023-04-13 21:19:45", "kind": "INFO", "message": "Skipping extracting external decl ConverterRegistry" }
{ "origin": "CodeQL Kotlin extractor", "timestamp": "2023-04-13 21:19:45", "kind": "INFO", "message": "Skipping extracting external decl ApplicationContext" }
{ "origin": "CodeQL Kotlin extractor", "timestamp": "2023-04-13 21:19:45", "kind": "INFO", "message": "Skipping extracting external decl MethodParameter" }
{ "origin": "CodeQL Kotlin extractor", "timestamp": "2023-04-13 21:19:45", "kind": "INFO", "message": "Skipping extracting external decl Exception" }
{ "origin": "CodeQL Kotlin extractor", "timestamp": "2023-04-13 21:19:45", "kind": "INFO", "message": "Skipping extracting external decl Comparable" }
{ "origin": "CodeQL Kotlin extractor", "timestamp": "2023-04-13 21:19:45", "kind": "INFO", "message": "Skipping extracting external decl Comparable" }
{ "origin": "CodeQL Kotlin extractor", "timestamp": "2023-04-13 21:19:45", "kind": "INFO", "message": "Skipping extracting external decl MultiValueMap" }
{ "origin": "CodeQL Kotlin extractor", "timestamp": "2023-04-13 21:19:45", "kind": "INFO", "message": "Skipping extracting external decl Comparator" }
{ "origin": "CodeQL Kotlin extractor", "timestamp": "2023-04-13 21:19:45", "kind": "INFO", "message": "Skipping extracting external decl Set" }
{ "origin": "CodeQL Kotlin extractor", "timestamp": "2023-04-13 21:19:45", "kind": "INFO", "message": "Skipping extracting external decl MutableSet" }
{ "origin": "CodeQL Kotlin extractor", "timestamp": "2023-04-13 21:19:45", "kind": "INFO", "message": "Skipping extracting external decl URL" }
{ "origin": "CodeQL Kotlin extractor", "timestamp": "2023-04-13 21:19:45", "kind": "INFO", "message": "Skipping extracting external decl InputStream" }
{ "origin": "CodeQL Kotlin extractor", "timestamp": "2023-04-13 21:19:45", "kind": "INFO", "message": "Skipping extracting external decl Throwable" }
{ "origin": "CodeQL Kotlin extractor", "timestamp": "2023-04-13 21:19:45", "kind": "INFO", "message": "Skipping extracting external decl Throwable" }
{ "origin": "CodeQL Kotlin extractor", "timestamp": "2023-04-13 21:19:45", "kind": "INFO", "message": "Skipping extracting external decl Enumeration" }
{ "origin": "CodeQL Kotlin extractor", "timestamp": "2023-04-13 21:19:46", "kind": "INFO", "message": "Skipping extracting external decl EventListener" }
{ "origin": "CodeQL Kotlin extractor", "timestamp": "2023-04-13 21:19:46", "kind": "INFO", "message": "Skipping extracting external decl ClassLoader" }
{ "origin": "CodeQL Kotlin extractor", "timestamp": "2023-04-13 21:19:46", "kind": "INFO", "message": "Skipping extracting external decl FunctionalInterface" }
{ "origin": "CodeQL Kotlin extractor", "timestamp": "2023-04-13 21:19:46", "kind": "INFO", "message": "Skipping extracting external decl Charset" }
{ "origin": "CodeQL Kotlin extractor", "timestamp": "2023-04-13 21:19:46", "kind": "INFO", "message": "Skipping extracting external decl Double" }
{ "origin": "CodeQL Kotlin extractor", "timestamp": "2023-04-13 21:19:46", "kind": "INFO", "message": "Skipping extracting external decl Double" }
{ "origin": "CodeQL Kotlin extractor", "timestamp": "2023-04-13 21:19:46", "kind": "INFO", "message": "Skipping extracting external decl Runnable" }
{ "origin": "CodeQL Kotlin extractor", "timestamp": "2023-04-13 21:19:46", "kind": "INFO", "message": "Skipping extracting external decl Future" }
{ "origin": "CodeQL Kotlin extractor", "timestamp": "2023-04-13 21:19:46", "kind": "INFO", "message": "Skipping extracting external decl Callable" }
{ "origin": "CodeQL Kotlin extractor", "timestamp": "2023-04-13 21:19:46", "kind": "INFO", "message": "Skipping extracting external decl Void" }
{ "origin": "CodeQL Kotlin extractor", "timestamp": "2023-04-13 21:19:46", "kind": "INFO", "message": "Skipping extracting external decl Properties" }
{ "origin": "CodeQL Kotlin extractor", "timestamp": "2023-04-13 21:19:46", "kind": "INFO", "message": "Skipping extracting external decl Locale" }
{ "origin": "CodeQL Kotlin extractor", "timestamp": "2023-04-13 21:19:46", "kind": "INFO", "message": "Skipping extracting external decl Resource" }
{ "origin": "CodeQL Kotlin extractor", "timestamp": "2023-04-13 21:19:46", "kind": "INFO", "message": "Skipping extracting external decl Log" }
{ "origin": "CodeQL Kotlin extractor", "timestamp": "2023-04-13 21:19:46", "kind": "INFO", "message": "Skipping extracting external decl Ordered" }
{ "origin": "CodeQL Kotlin extractor", "timestamp": "2023-04-13 21:19:46", "kind": "INFO", "message": "Skipping extracting external decl OutputStream" }
{ "origin": "CodeQL Kotlin extractor", "timestamp": "2023-04-13 21:19:46", "kind": "INFO", "message": "Skipping extracting external decl Principal" }
{ "origin": "CodeQL Kotlin extractor", "timestamp": "2023-04-13 21:19:46", "kind": "INFO", "message": "Skipping extracting external decl StringBuffer" }
{ "origin": "CodeQL Kotlin extractor", "timestamp": "2023-04-13 21:19:46", "kind": "INFO", "message": "Skipping extracting external decl Supplier" }
{ "origin": "CodeQL Kotlin extractor", "timestamp": "2023-04-13 21:19:47", "kind": "INFO", "message": "Skipping extracting external decl Character" }
{ "origin": "CodeQL Kotlin extractor", "timestamp": "2023-04-13 21:19:47", "kind": "INFO", "message": "Skipping extracting external decl Char" }
{ "origin": "CodeQL Kotlin extractor", "timestamp": "2023-04-13 21:19:47", "kind": "INFO", "message": "Skipping extracting external decl BufferedReader" }
{ "origin": "CodeQL Kotlin extractor", "timestamp": "2023-04-13 21:19:47", "kind": "INFO", "message": "Skipping extracting external decl EnumSet" }
{ "origin": "CodeQL Kotlin extractor", "timestamp": "2023-04-13 21:19:47", "kind": "INFO", "message": "Skipping extracting external decl AbstractSet" }
{ "origin": "CodeQL Kotlin extractor", "timestamp": "2023-04-13 21:19:47", "kind": "INFO", "message": "Skipping extracting external decl AbstractCollection" }
{ "origin": "CodeQL Kotlin extractor", "timestamp": "2023-04-13 21:19:47", "kind": "INFO", "message": "Skipping extracting external decl Enum" }
{ "origin": "CodeQL Kotlin extractor", "timestamp": "2023-04-13 21:19:47", "kind": "INFO", "message": "Skipping extracting external decl Optional" }
{ "origin": "CodeQL Kotlin extractor", "timestamp": "2023-04-13 21:19:47", "kind": "INFO", "message": "Skipping extracting external decl EnumDesc" }
{ "origin": "CodeQL Kotlin extractor", "timestamp": "2023-04-13 21:19:47", "kind": "INFO", "message": "Skipping extracting external decl DynamicConstantDesc" }
{ "origin": "CodeQL Kotlin extractor", "timestamp": "2023-04-13 21:19:47", "kind": "INFO", "message": "Skipping extracting external decl ConstantDesc" }
{ "origin": "CodeQL Kotlin extractor", "timestamp": "2023-04-13 21:19:47", "kind": "INFO", "message": "Skipping extracting external decl Enum" }
{ "origin": "CodeQL Kotlin extractor", "timestamp": "2023-04-13 21:19:47", "kind": "INFO", "message": "Skipping extracting external decl StringBuilder" }
{ "origin": "CodeQL Kotlin extractor", "timestamp": "2023-04-13 21:19:47", "kind": "INFO", "message": "Skipping extracting external decl TimeUnit" }
{ "origin": "CodeQL Kotlin extractor", "timestamp": "2023-04-13 21:19:47", "kind": "INFO", "message": "Skipping extracting external decl State" }
{ "origin": "CodeQL Kotlin extractor", "timestamp": "2023-04-13 21:19:47", "kind": "INFO", "message": "Skipping extracting external decl Function" }
{ "origin": "CodeQL Kotlin extractor", "timestamp": "2023-04-13 21:19:47", "kind": "INFO", "message": "Skipping extracting external decl Executor" }
{ "origin": "CodeQL Kotlin extractor", "timestamp": "2023-04-13 21:19:47", "kind": "INFO", "message": "Skipping extracting external decl Consumer" }
{ "origin": "CodeQL Kotlin extractor", "timestamp": "2023-04-13 21:19:47", "kind": "INFO", "message": "Skipping extracting external decl BiFunction" }
{ "origin": "CodeQL Kotlin extractor", "timestamp": "2023-04-13 21:19:47", "kind": "INFO", "message": "Skipping extracting external decl BiConsumer" }
{ "origin": "CodeQL Kotlin extractor", "timestamp": "2023-04-13 21:19:47", "kind": "INFO", "message": "Skipping extracting external decl Iterator" }
{ "origin": "CodeQL Kotlin extractor", "timestamp": "2023-04-13 21:19:47", "kind": "INFO", "message": "Skipping extracting external decl MutableIterator" }
{ "origin": "CodeQL Kotlin extractor", "timestamp": "2023-04-13 21:19:47", "kind": "INFO", "message": "Skipping extracting external decl LinkedHashMap" }
{ "origin": "CodeQL Kotlin extractor", "timestamp": "2023-04-13 21:19:47", "kind": "INFO", "message": "Skipping extracting external decl HashMap" }
{ "origin": "CodeQL Kotlin extractor", "timestamp": "2023-04-13 21:19:47", "kind": "INFO", "message": "Skipping extracting external decl AbstractMap" }
{ "origin": "CodeQL Kotlin extractor", "timestamp": "2023-04-13 21:19:47", "kind": "INFO", "message": "Skipping extracting external decl Entry" }
{ "origin": "CodeQL Kotlin extractor", "timestamp": "2023-04-13 21:19:47", "kind": "INFO", "message": "Skipping extracting external decl MutableEntry" }
{ "origin": "CodeQL Kotlin extractor", "timestamp": "2023-04-13 21:19:47", "kind": "INFO", "message": "Skipping extracting external decl Map" }
{ "origin": "CodeQL Kotlin extractor", "timestamp": "2023-04-13 21:19:47", "kind": "INFO", "message": "Skipping extracting external decl Float" }
{ "origin": "CodeQL Kotlin extractor", "timestamp": "2023-04-13 21:19:47", "kind": "INFO", "message": "Skipping extracting external decl Float" }
{ "origin": "CodeQL Kotlin extractor", "timestamp": "2023-04-13 21:19:47", "kind": "INFO", "message": "Skipping extracting external decl Node" }
{ "origin": "CodeQL Kotlin extractor", "timestamp": "2023-04-13 21:19:47", "kind": "INFO", "message": "Skipping extracting external decl TreeNode" }
{ "origin": "CodeQL Kotlin extractor", "timestamp": "2023-04-13 21:19:47", "kind": "INFO", "message": "Skipping extracting external decl Entry" }
{ "origin": "CodeQL Kotlin extractor", "timestamp": "2023-04-13 21:19:47", "kind": "INFO", "message": "Skipping extracting external decl ObjectOutputStream" }
{ "origin": "CodeQL Kotlin extractor", "timestamp": "2023-04-13 21:19:47", "kind": "INFO", "message": "Skipping extracting external decl StringValueResolver" }
{ "origin": "CodeQL Kotlin extractor", "timestamp": "2023-04-13 21:19:47", "kind": "INFO", "message": "Skipping extracting external decl File" }
{ "origin": "CodeQL Kotlin extractor", "timestamp": "2023-04-13 21:19:47", "kind": "INFO", "message": "Skipping extracting external decl Aware" }
{ "origin": "CodeQL Kotlin extractor", "timestamp": "2023-04-13 21:19:47", "kind": "INFO", "message": "Skipping extracting external decl MutablePropertyValues" }
{ "origin": "CodeQL Kotlin extractor", "timestamp": "2023-04-13 21:19:48", "kind": "INFO", "message": "Skipping extracting external decl PrintWriter" }
{ "origin": "CodeQL Kotlin extractor", "timestamp": "2023-04-13 21:19:48", "kind": "INFO", "message": "Skipping extracting external decl ApplicationListener" }
{ "origin": "CodeQL Kotlin extractor", "timestamp": "2023-04-13 21:19:48", "kind": "INFO", "message": "Skipping extracting external decl ApplicationEvent" }
{ "origin": "CodeQL Kotlin extractor", "timestamp": "2023-04-13 21:19:48", "kind": "INFO", "message": "Skipping extracting external decl PayloadApplicationEvent" }
{ "origin": "CodeQL Kotlin extractor", "timestamp": "2023-04-13 21:19:48", "kind": "INFO", "message": "Skipping extracting external decl ResolvableTypeProvider" }
{ "origin": "CodeQL Kotlin extractor", "timestamp": "2023-04-13 21:19:48", "kind": "INFO", "message": "Skipping extracting external decl Method" }
{ "origin": "CodeQL Kotlin extractor", "timestamp": "2023-04-13 21:19:48", "kind": "INFO", "message": "Skipping extracting external decl Inherited" }
{ "origin": "CodeQL Kotlin extractor", "timestamp": "2023-04-13 21:19:48", "kind": "INFO", "message": "Skipping extracting external decl BeanFactory" }
{ "origin": "CodeQL Kotlin extractor", "timestamp": "2023-04-13 21:19:48", "kind": "INFO", "message": "Skipping extracting external decl ParameterNameDiscoverer" }
{ "origin": "CodeQL Kotlin extractor", "timestamp": "2023-04-13 21:19:48", "kind": "INFO", "message": "Skipping extracting external decl ConfigurableBeanFactory" }
{ "origin": "CodeQL Kotlin extractor", "timestamp": "2023-04-13 21:19:48", "kind": "INFO", "message": "Skipping extracting external decl BeanFactoryAware" }
{ "origin": "CodeQL Kotlin extractor", "timestamp": "2023-04-13 21:19:48", "kind": "INFO", "message": "Skipping extracting external decl ConversionService" }
{ "origin": "CodeQL Kotlin extractor", "timestamp": "2023-04-13 21:19:48", "kind": "INFO", "message": "Skipping extracting external decl PropertyEditorRegistrar" }
{ "origin": "CodeQL Kotlin extractor", "timestamp": "2023-04-13 21:19:48", "kind": "INFO", "message": "Skipping extracting external decl Byte" }
{ "origin": "CodeQL Kotlin extractor", "timestamp": "2023-04-13 21:19:48", "kind": "INFO", "message": "Skipping extracting external decl Byte" }
{ "origin": "CodeQL Kotlin extractor", "timestamp": "2023-04-13 21:19:48", "kind": "INFO", "message": "Skipping extracting external decl ToIntFunction" }
{ "origin": "CodeQL Kotlin extractor", "timestamp": "2023-04-13 21:19:48", "kind": "INFO", "message": "Skipping extracting external decl ToLongFunction" }
{ "origin": "CodeQL Kotlin extractor", "timestamp": "2023-04-13 21:19:48", "kind": "INFO", "message": "Skipping extracting external decl ToDoubleFunction" }
{ "origin": "CodeQL Kotlin extractor", "timestamp": "2023-04-13 21:19:48", "kind": "INFO", "message": "Skipping extracting external decl ForkJoinTask" }
{ "origin": "CodeQL Kotlin extractor", "timestamp": "2023-04-13 21:19:48", "kind": "INFO", "message": "Skipping extracting external decl Short" }
{ "origin": "CodeQL Kotlin extractor", "timestamp": "2023-04-13 21:19:48", "kind": "INFO", "message": "Skipping extracting external decl Short" }
{ "origin": "CodeQL Kotlin extractor", "timestamp": "2023-04-13 21:19:48", "kind": "INFO", "message": "Skipping extracting external decl ForkJoinPool" }
{ "origin": "CodeQL Kotlin extractor", "timestamp": "2023-04-13 21:19:48", "kind": "INFO", "message": "Skipping extracting external decl Thread" }
{ "origin": "CodeQL Kotlin extractor", "timestamp": "2023-04-13 21:19:48", "kind": "INFO", "message": "Skipping extracting external decl ManagedBlocker" }
{ "origin": "CodeQL Kotlin extractor", "timestamp": "2023-04-13 21:19:48", "kind": "INFO", "message": "Skipping extracting external decl URI" }
{ "origin": "CodeQL Kotlin extractor", "timestamp": "2023-04-13 21:19:48", "kind": "INFO", "message": "Skipping extracting external decl RuntimeException" }
{ "origin": "CodeQL Kotlin extractor", "timestamp": "2023-04-13 21:19:48", "kind": "INFO", "message": "Skipping extracting external decl Path" }
{ "origin": "CodeQL Kotlin extractor", "timestamp": "2023-04-13 21:19:48", "kind": "INFO", "message": "Skipping extracting external decl InputStreamSource" }
{ "origin": "CodeQL Kotlin extractor", "timestamp": "2023-04-13 21:19:48", "kind": "INFO", "message": "Skipping extracting external decl PropertyEditor" }
{ "origin": "CodeQL Kotlin extractor", "timestamp": "2023-04-13 21:19:48", "kind": "INFO", "message": "Skipping extracting external decl Field" }
{ "origin": "CodeQL Kotlin extractor", "timestamp": "2023-04-13 21:19:48", "kind": "INFO", "message": "Skipping extracting external decl TypeDescriptor" }
{ "origin": "CodeQL Kotlin extractor", "timestamp": "2023-04-13 21:19:49", "kind": "INFO", "message": "Skipping extracting external decl PropertyEditorRegistry" }
{ "origin": "CodeQL Kotlin extractor", "timestamp": "2023-04-13 21:19:49", "kind": "INFO", "message": "Skipping extracting external decl TypeConverter" }
{ "origin": "CodeQL Kotlin extractor", "timestamp": "2023-04-13 21:19:49", "kind": "INFO", "message": "Skipping extracting external decl PropertyValues" }
{ "origin": "CodeQL Kotlin extractor", "timestamp": "2023-04-13 21:19:49", "kind": "INFO", "message": "Skipping extracting external decl LanguageRange" }
{ "origin": "CodeQL Kotlin extractor", "timestamp": "2023-04-13 21:19:49", "kind": "INFO", "message": "Skipping extracting external decl ZonedDateTime" }
{ "origin": "CodeQL Kotlin extractor", "timestamp": "2023-04-13 21:19:49", "kind": "INFO", "message": "Skipping extracting external decl Instant" }
{ "origin": "CodeQL Kotlin extractor", "timestamp": "2023-04-13 21:19:49", "kind": "INFO", "message": "Skipping extracting external decl AutoCloseable" }
{ "origin": "CodeQL Kotlin extractor", "timestamp": "2023-04-13 21:19:49", "kind": "INFO", "message": "Skipping extracting external decl MessageSourceResolvable" }
{ "origin": "CodeQL Kotlin extractor", "timestamp": "2023-04-13 21:19:49", "kind": "INFO", "message": "Skipping extracting external decl Converter" }
{ "origin": "CodeQL Kotlin extractor", "timestamp": "2023-04-13 21:19:49", "kind": "INFO", "message": "Skipping extracting external decl GenericConverter" }
{ "origin": "CodeQL Kotlin extractor", "timestamp": "2023-04-13 21:19:49", "kind": "INFO", "message": "Skipping extracting external decl ConverterFactory" }
{ "origin": "CodeQL Kotlin extractor", "timestamp": "2023-04-13 21:19:49", "kind": "INFO", "message": "Skipping extracting external decl ConfigurableConversionService" }
{ "origin": "CodeQL Kotlin extractor", "timestamp": "2023-04-13 21:19:49", "kind": "INFO", "message": "Skipping extracting external decl MessageSource" }
{ "origin": "CodeQL Kotlin extractor", "timestamp": "2023-04-13 21:19:49", "kind": "INFO", "message": "Skipping extracting external decl ThreadFactory" }
{ "origin": "CodeQL Kotlin extractor", "timestamp": "2023-04-13 21:19:49", "kind": "INFO", "message": "Skipping extracting external decl RunnableFuture" }
{ "origin": "CodeQL Kotlin extractor", "timestamp": "2023-04-13 21:19:49", "kind": "INFO", "message": "Skipping extracting external decl ByteArrayOutputStream" }
{ "origin": "CodeQL Kotlin extractor", "timestamp": "2023-04-13 21:19:49", "kind": "INFO", "message": "Skipping extracting external decl InetAddress" }
{ "origin": "CodeQL Kotlin extractor", "timestamp": "2023-04-13 21:19:49", "kind": "INFO", "message": "Skipping extracting external decl SocketAddress" }
{ "origin": "CodeQL Kotlin extractor", "timestamp": "2023-04-13 21:19:50", "kind": "INFO", "message": "Skipping extracting external decl ParameterizedTypeReference" }
{ "origin": "CodeQL Kotlin extractor", "timestamp": "2023-04-13 21:19:50", "kind": "INFO", "message": "Skipping extracting external decl Flushable" }
{ "origin": "CodeQL Kotlin extractor", "timestamp": "2023-04-13 21:19:50", "kind": "INFO", "message": "Skipping extracting external decl Closeable" }
{ "origin": "CodeQL Kotlin extractor", "timestamp": "2023-04-13 21:19:50", "kind": "INFO", "message": "Skipping extracting external decl Constructor" }
{ "origin": "CodeQL Kotlin extractor", "timestamp": "2023-04-13 21:19:50", "kind": "INFO", "message": "Skipping extracting external decl Executable" }
{ "origin": "CodeQL Kotlin extractor", "timestamp": "2023-04-13 21:19:50", "kind": "INFO", "message": "Skipping extracting external decl PropertyChangeEvent" }
{ "origin": "CodeQL Kotlin extractor", "timestamp": "2023-04-13 21:19:50", "kind": "INFO", "message": "Skipping extracting external decl UnaryOperator" }
{ "origin": "CodeQL Kotlin extractor", "timestamp": "2023-04-13 21:19:50", "kind": "INFO", "message": "Skipping extracting external decl Component" }
{ "origin": "CodeQL Kotlin extractor", "timestamp": "2023-04-13 21:19:50", "kind": "INFO", "message": "Skipping extracting external decl Spliterator" }
{ "origin": "CodeQL Kotlin extractor", "timestamp": "2023-04-13 21:19:50", "kind": "INFO", "message": "Skipping extracting external decl IntFunction" }
{ "origin": "CodeQL Kotlin extractor", "timestamp": "2023-04-13 21:19:50", "kind": "INFO", "message": "Skipping extracting external decl Stream" }
{ "origin": "CodeQL Kotlin extractor", "timestamp": "2023-04-13 21:19:50", "kind": "INFO", "message": "Skipping extracting external decl BaseStream" }
{ "origin": "CodeQL Kotlin extractor", "timestamp": "2023-04-13 21:19:50", "kind": "INFO", "message": "Skipping extracting external decl Collection" }
{ "origin": "CodeQL Kotlin extractor", "timestamp": "2023-04-13 21:19:50", "kind": "INFO", "message": "Skipping extracting external decl AbstractExecutorService" }
{ "origin": "CodeQL Kotlin extractor", "timestamp": "2023-04-13 21:19:50", "kind": "INFO", "message": "Skipping extracting external decl ExecutorService" }
{ "origin": "CodeQL Kotlin extractor", "timestamp": "2023-04-13 21:19:50", "kind": "INFO", "message": "Skipping extracting external decl PropertyValue" }
{ "origin": "CodeQL Kotlin extractor", "timestamp": "2023-04-13 21:19:50", "kind": "INFO", "message": "Skipping extracting external decl OptionalLong" }
{ "origin": "CodeQL Kotlin extractor", "timestamp": "2023-04-13 21:19:50", "kind": "INFO", "message": "Skipping extracting external decl Parameter" }
{ "origin": "CodeQL Kotlin extractor", "timestamp": "2023-04-13 21:19:50", "kind": "INFO", "message": "Skipping extracting external decl ReflectiveOperationException" }
{ "origin": "CodeQL Kotlin extractor", "timestamp": "2023-04-13 21:19:50", "kind": "INFO", "message": "Skipping extracting external decl AbstractQueuedSynchronizer" }
{ "origin": "CodeQL Kotlin extractor", "timestamp": "2023-04-13 21:19:50", "kind": "INFO", "message": "Skipping extracting external decl Date" }
{ "origin": "CodeQL Kotlin extractor", "timestamp": "2023-04-13 21:19:50", "kind": "INFO", "message": "Skipping extracting external decl ZoneId" }
{ "origin": "CodeQL Kotlin extractor", "timestamp": "2023-04-13 21:19:50", "kind": "INFO", "message": "Skipping extracting external decl Deprecated" }
{ "origin": "CodeQL Kotlin extractor", "timestamp": "2023-04-13 21:19:50", "kind": "INFO", "message": "Skipping extracting external decl ReplaceWith" }
{ "origin": "CodeQL Kotlin extractor", "timestamp": "2023-04-13 21:19:50", "kind": "INFO", "message": "Skipping extracting external decl DeprecationLevel" }
{ "origin": "CodeQL Kotlin extractor", "timestamp": "2023-04-13 21:19:50", "kind": "INFO", "message": "Extracting file \/Users\/joaojunqueira\/IdeaProjects\/SecureCard\/src\/main\/kotlin\/com\/example\/securecard\/controllers\/PersonController.kt" }
{ "origin": "CodeQL Kotlin extractor", "timestamp": "2023-04-13 21:19:50", "kind": "INFO", "message": "Skipping extracting external decl Unit" }
{ "origin": "CodeQL Kotlin extractor", "timestamp": "2023-04-13 21:19:50", "kind": "INFO", "message": "Skipping extracting external decl NotNull" }
{ "origin": "CodeQL Kotlin extractor", "timestamp": "2023-04-13 21:19:50", "kind": "INFO", "message": "Skipping extracting external decl String" }
{ "origin": "CodeQL Kotlin extractor", "timestamp": "2023-04-13 21:19:50", "kind": "INFO", "message": "Skipping extracting external decl String" }
{ "origin": "CodeQL Kotlin extractor", "timestamp": "2023-04-13 21:19:50", "kind": "INFO", "message": "Skipping extracting external decl Object" }
{ "origin": "CodeQL Kotlin extractor", "timestamp": "2023-04-13 21:19:50", "kind": "INFO", "message": "Skipping extracting external decl Any" }
{ "origin": "CodeQL Kotlin extractor", "timestamp": "2023-04-13 21:19:50", "kind": "INFO", "message": "Skipping extracting external decl Boolean" }
{ "origin": "CodeQL Kotlin extractor", "timestamp": "2023-04-13 21:19:50", "kind": "INFO", "message": "Skipping extracting external decl Boolean" }
{ "origin": "CodeQL Kotlin extractor", "timestamp": "2023-04-13 21:19:50", "kind": "INFO", "message": "Skipping extracting external decl Void" }
{ "origin": "CodeQL Kotlin extractor", "timestamp": "2023-04-13 21:19:50", "kind": "INFO", "message": "Skipping extracting external decl Cloneable" }
{ "origin": "CodeQL Kotlin extractor", "timestamp": "2023-04-13 21:19:50", "kind": "INFO", "message": "Skipping extracting external decl Cloneable" }
{ "origin": "CodeQL Kotlin extractor", "timestamp": "2023-04-13 21:19:50", "kind": "INFO", "message": "Skipping extracting external decl Serializable" }
{ "origin": "CodeQL Kotlin extractor", "timestamp": "2023-04-13 21:19:50", "kind": "INFO", "message": "Skipping extracting external decl Integer" }
{ "origin": "CodeQL Kotlin extractor", "timestamp": "2023-04-13 21:19:50", "kind": "INFO", "message": "Skipping extracting external decl Int" }
{ "origin": "CodeQL Kotlin extractor", "timestamp": "2023-04-13 21:19:50", "kind": "INFO", "message": "Skipping extracting external decl HttpServletResponse" }
{ "origin": "CodeQL Kotlin extractor", "timestamp": "2023-04-13 21:19:50", "kind": "INFO", "message": "Skipping extracting external decl Cookie" }
{ "origin": "CodeQL Kotlin extractor", "timestamp": "2023-04-13 21:19:50", "kind": "INFO", "message": "Skipping extracting external decl Map" }
{ "origin": "CodeQL Kotlin extractor", "timestamp": "2023-04-13 21:19:51", "kind": "INFO", "message": "Skipping extracting external decl MutableMap" }
{ "origin": "CodeQL Kotlin extractor", "timestamp": "2023-04-13 21:19:51", "kind": "INFO", "message": "Skipping extracting external decl Iterable" }
{ "origin": "CodeQL Kotlin extractor", "timestamp": "2023-04-13 21:19:51", "kind": "INFO", "message": "Skipping extracting external decl MutableIterable" }
{ "origin": "CodeQL Kotlin extractor", "timestamp": "2023-04-13 21:19:51", "kind": "INFO", "message": "Skipping extracting external decl Long" }
{ "origin": "CodeQL Kotlin extractor", "timestamp": "2023-04-13 21:19:51", "kind": "INFO", "message": "Skipping extracting external decl Long" }
{ "origin": "CodeQL Kotlin extractor", "timestamp": "2023-04-13 21:19:51", "kind": "INFO", "message": "Skipping extracting external decl RequestMapping" }
{ "origin": "CodeQL Kotlin extractor", "timestamp": "2023-04-13 21:19:51", "kind": "INFO", "message": "Skipping extracting external decl RequestMethod" }
{ "origin": "CodeQL Kotlin extractor", "timestamp": "2023-04-13 21:19:51", "kind": "INFO", "message": "Skipping extracting external decl HttpStatusCode" }
{ "origin": "CodeQL Kotlin extractor", "timestamp": "2023-04-13 21:19:51", "kind": "INFO", "message": "Skipping extracting external decl Deprecated" }
{ "origin": "CodeQL Kotlin extractor", "timestamp": "2023-04-13 21:19:51", "kind": "INFO", "message": "Skipping extracting external decl Nullable" }
{ "origin": "CodeQL Kotlin extractor", "timestamp": "2023-04-13 21:19:51", "kind": "INFO", "message": "Skipping extracting external decl MultiValueMap" }
{ "origin": "CodeQL Kotlin extractor", "timestamp": "2023-04-13 21:19:51", "kind": "INFO", "message": "Skipping extracting external decl List" }
{ "origin": "CodeQL Kotlin extractor", "timestamp": "2023-04-13 21:19:51", "kind": "INFO", "message": "Skipping extracting external decl Collection" }
{ "origin": "CodeQL Kotlin extractor", "timestamp": "2023-04-13 21:19:51", "kind": "INFO", "message": "Skipping extracting external decl MutableCollection" }
{ "origin": "CodeQL Kotlin extractor", "timestamp": "2023-04-13 21:19:51", "kind": "INFO", "message": "Skipping extracting external decl MutableList" }
{ "origin": "CodeQL Kotlin extractor", "timestamp": "2023-04-13 21:19:51", "kind": "INFO", "message": "Skipping extracting external decl Optional" }
{ "origin": "CodeQL Kotlin extractor", "timestamp": "2023-04-13 21:19:51", "kind": "INFO", "message": "Skipping extracting external decl ProblemDetail" }
{ "origin": "CodeQL Kotlin extractor", "timestamp": "2023-04-13 21:19:51", "kind": "INFO", "message": "Skipping extracting external decl URI" }
{ "origin": "CodeQL Kotlin extractor", "timestamp": "2023-04-13 21:19:51", "kind": "INFO", "message": "Skipping extracting external decl HttpHeaders" }
{ "origin": "CodeQL Kotlin extractor", "timestamp": "2023-04-13 21:19:51", "kind": "INFO", "message": "Skipping extracting external decl Annotation" }
{ "origin": "CodeQL Kotlin extractor", "timestamp": "2023-04-13 21:19:51", "kind": "INFO", "message": "Skipping extracting external decl Annotation" }
{ "origin": "CodeQL Kotlin extractor", "timestamp": "2023-04-13 21:19:51", "kind": "INFO", "message": "Skipping extracting external decl MustBeDocumented" }
{ "origin": "CodeQL Kotlin extractor", "timestamp": "2023-04-13 21:19:51", "kind": "INFO", "message": "Skipping extracting external decl Retention" }
{ "origin": "CodeQL Kotlin extractor", "timestamp": "2023-04-13 21:19:51", "kind": "INFO", "message": "Skipping extracting external decl AnnotationRetention" }
{ "origin": "CodeQL Kotlin extractor", "timestamp": "2023-04-13 21:19:51", "kind": "INFO", "message": "Skipping extracting external decl Target" }
{ "origin": "CodeQL Kotlin extractor", "timestamp": "2023-04-13 21:19:51", "kind": "INFO", "message": "Skipping extracting external decl AnnotationTarget" }
{ "origin": "CodeQL Kotlin extractor", "timestamp": "2023-04-13 21:19:51", "kind": "INFO", "message": "Skipping extracting external decl MediaType" }
{ "origin": "CodeQL Kotlin extractor", "timestamp": "2023-04-13 21:19:51", "kind": "INFO", "message": "Skipping extracting external decl Consumer" }
{ "origin": "CodeQL Kotlin extractor", "timestamp": "2023-04-13 21:19:51", "kind": "INFO", "message": "Skipping extracting external decl HttpMethod" }
{ "origin": "CodeQL Kotlin extractor", "timestamp": "2023-04-13 21:19:51", "kind": "INFO", "message": "Skipping extracting external decl ZonedDateTime" }
{ "origin": "CodeQL Kotlin extractor", "timestamp": "2023-04-13 21:19:51", "kind": "INFO", "message": "Skipping extracting external decl Instant" }
{ "origin": "CodeQL Kotlin extractor", "timestamp": "2023-04-13 21:19:51", "kind": "INFO", "message": "Skipping extracting external decl CacheControl" }
{ "origin": "CodeQL Kotlin extractor", "timestamp": "2023-04-13 21:19:51", "kind": "INFO", "message": "Skipping extracting external decl Date" }
{ "origin": "CodeQL Kotlin extractor", "timestamp": "2023-04-13 21:19:51", "kind": "INFO", "message": "Skipping extracting external decl Key" }
{ "origin": "CodeQL Kotlin extractor", "timestamp": "2023-04-13 21:19:51", "kind": "INFO", "message": "Skipping extracting external decl Byte" }
{ "origin": "CodeQL Kotlin extractor", "timestamp": "2023-04-13 21:19:51", "kind": "INFO", "message": "Skipping extracting external decl Byte" }
{ "origin": "CodeQL Kotlin extractor", "timestamp": "2023-04-13 21:19:51", "kind": "INFO", "message": "Skipping extracting external decl Class" }
{ "origin": "CodeQL Kotlin extractor", "timestamp": "2023-04-13 21:19:51", "kind": "INFO", "message": "Skipping extracting external decl GenericDeclaration" }
{ "origin": "CodeQL Kotlin extractor", "timestamp": "2023-04-13 21:19:51", "kind": "INFO", "message": "Skipping extracting external decl Type" }
{ "origin": "CodeQL Kotlin extractor", "timestamp": "2023-04-13 21:19:51", "kind": "INFO", "message": "Skipping extracting external decl AnnotatedElement" }
{ "origin": "CodeQL Kotlin extractor", "timestamp": "2023-04-13 21:19:51", "kind": "INFO", "message": "Skipping extracting external decl OfField" }
{ "origin": "CodeQL Kotlin extractor", "timestamp": "2023-04-13 21:19:51", "kind": "INFO", "message": "Skipping extracting external decl TypeDescriptor" }
{ "origin": "CodeQL Kotlin extractor", "timestamp": "2023-04-13 21:19:51", "kind": "INFO", "message": "Skipping extracting external decl Constable" }
{ "origin": "CodeQL Kotlin extractor", "timestamp": "2023-04-13 21:19:51", "kind": "INFO", "message": "Skipping extracting external decl Set" }
{ "origin": "CodeQL Kotlin extractor", "timestamp": "2023-04-13 21:19:51", "kind": "INFO", "message": "Skipping extracting external decl MutableSet" }
{ "origin": "CodeQL Kotlin extractor", "timestamp": "2023-04-13 21:19:51", "kind": "INFO", "message": "Skipping extracting external decl Entry" }
{ "origin": "CodeQL Kotlin extractor", "timestamp": "2023-04-13 21:19:51", "kind": "INFO", "message": "Skipping extracting external decl MutableEntry" }
{ "origin": "CodeQL Kotlin extractor", "timestamp": "2023-04-13 21:19:51", "kind": "INFO", "message": "Skipping extracting external decl BiConsumer" }
{ "origin": "CodeQL Kotlin extractor", "timestamp": "2023-04-13 21:19:51", "kind": "INFO", "message": "Skipping extracting external decl BiFunction" }
{ "origin": "CodeQL Kotlin extractor", "timestamp": "2023-04-13 21:19:51", "kind": "INFO", "message": "Skipping extracting external decl Function" }
{ "origin": "CodeQL Kotlin extractor", "timestamp": "2023-04-13 21:19:51", "kind": "INFO", "message": "Skipping extracting external decl Character" }
{ "origin": "CodeQL Kotlin extractor", "timestamp": "2023-04-13 21:19:51", "kind": "INFO", "message": "Skipping extracting external decl Char" }
{ "origin": "CodeQL Kotlin extractor", "timestamp": "2023-04-13 21:19:51", "kind": "INFO", "message": "Skipping extracting external decl Enum" }
{ "origin": "CodeQL Kotlin extractor", "timestamp": "2023-04-13 21:19:51", "kind": "INFO", "message": "Skipping extracting external decl Comparable" }
{ "origin": "CodeQL Kotlin extractor", "timestamp": "2023-04-13 21:19:51", "kind": "INFO", "message": "Skipping extracting external decl Comparable" }
{ "origin": "CodeQL Kotlin extractor", "timestamp": "2023-04-13 21:19:51", "kind": "INFO", "message": "Skipping extracting external decl EnumDesc" }
{ "origin": "CodeQL Kotlin extractor", "timestamp": "2023-04-13 21:19:51", "kind": "INFO", "message": "Skipping extracting external decl DynamicConstantDesc" }
{ "origin": "CodeQL Kotlin extractor", "timestamp": "2023-04-13 21:19:51", "kind": "INFO", "message": "Skipping extracting external decl ConstantDesc" }
{ "origin": "CodeQL Kotlin extractor", "timestamp": "2023-04-13 21:19:51", "kind": "INFO", "message": "Skipping extracting external decl Enum" }
{ "origin": "CodeQL Kotlin extractor", "timestamp": "2023-04-13 21:19:51", "kind": "INFO", "message": "Skipping extracting external decl Component" }
{ "origin": "CodeQL Kotlin extractor", "timestamp": "2023-04-13 21:19:51", "kind": "INFO", "message": "Extracting file \/Users\/joaojunqueira\/IdeaProjects\/SecureCard\/src\/main\/kotlin\/com\/example\/securecard\/exceptions\/ExceptionHandler.kt" }
{ "origin": "CodeQL Kotlin extractor", "timestamp": "2023-04-13 21:19:51", "kind": "INFO", "message": "Skipping extracting external decl String" }
{ "origin": "CodeQL Kotlin extractor", "timestamp": "2023-04-13 21:19:51", "kind": "INFO", "message": "Skipping extracting external decl String" }
{ "origin": "CodeQL Kotlin extractor", "timestamp": "2023-04-13 21:19:51", "kind": "INFO", "message": "Skipping extracting external decl Unit" }
{ "origin": "CodeQL Kotlin extractor", "timestamp": "2023-04-13 21:19:51", "kind": "INFO", "message": "Skipping extracting external decl NotNull" }
{ "origin": "CodeQL Kotlin extractor", "timestamp": "2023-04-13 21:19:51", "kind": "INFO", "message": "Skipping extracting external decl RuntimeException" }
{ "origin": "CodeQL Kotlin extractor", "timestamp": "2023-04-13 21:19:51", "kind": "INFO", "message": "Skipping extracting external decl Object" }
{ "origin": "CodeQL Kotlin extractor", "timestamp": "2023-04-13 21:19:51", "kind": "INFO", "message": "Skipping extracting external decl Throwable" }
{ "origin": "CodeQL Kotlin extractor", "timestamp": "2023-04-13 21:19:51", "kind": "INFO", "message": "Skipping extracting external decl Boolean" }
{ "origin": "CodeQL Kotlin extractor", "timestamp": "2023-04-13 21:19:51", "kind": "INFO", "message": "Skipping extracting external decl Boolean" }
{ "origin": "CodeQL Kotlin extractor", "timestamp": "2023-04-13 21:19:51", "kind": "INFO", "message": "Skipping extracting external decl Void" }
{ "origin": "CodeQL Kotlin extractor", "timestamp": "2023-04-13 21:19:51", "kind": "INFO", "message": "Skipping extracting external decl Nothing" }
{ "origin": "CodeQL Kotlin extractor", "timestamp": "2023-04-13 21:19:51", "kind": "INFO", "message": "Skipping extracting external decl Class" }
{ "origin": "CodeQL Kotlin extractor", "timestamp": "2023-04-13 21:19:51", "kind": "INFO", "message": "Skipping extracting external decl Serializable" }
{ "origin": "CodeQL Kotlin extractor", "timestamp": "2023-04-13 21:19:51", "kind": "INFO", "message": "Skipping extracting external decl GenericDeclaration" }
{ "origin": "CodeQL Kotlin extractor", "timestamp": "2023-04-13 21:19:51", "kind": "INFO", "message": "Skipping extracting external decl Type" }
{ "origin": "CodeQL Kotlin extractor", "timestamp": "2023-04-13 21:19:51", "kind": "INFO", "message": "Skipping extracting external decl AnnotatedElement" }
{ "origin": "CodeQL Kotlin extractor", "timestamp": "2023-04-13 21:19:51", "kind": "INFO", "message": "Skipping extracting external decl OfField" }
{ "origin": "CodeQL Kotlin extractor", "timestamp": "2023-04-13 21:19:51", "kind": "INFO", "message": "Skipping extracting external decl TypeDescriptor" }
{ "origin": "CodeQL Kotlin extractor", "timestamp": "2023-04-13 21:19:51", "kind": "INFO", "message": "Skipping extracting external decl Constable" }
{ "origin": "CodeQL Kotlin extractor", "timestamp": "2023-04-13 21:19:51", "kind": "INFO", "message": "Skipping extracting external decl Any" }
{ "origin": "CodeQL Kotlin extractor", "timestamp": "2023-04-13 21:19:51", "kind": "INFO", "message": "Skipping extracting external decl Cloneable" }
{ "origin": "CodeQL Kotlin extractor", "timestamp": "2023-04-13 21:19:51", "kind": "INFO", "message": "Skipping extracting external decl Cloneable" }
{ "origin": "CodeQL Kotlin extractor", "timestamp": "2023-04-13 21:19:51", "kind": "INFO", "message": "Skipping extracting external decl Integer" }
{ "origin": "CodeQL Kotlin extractor", "timestamp": "2023-04-13 21:19:51", "kind": "INFO", "message": "Skipping extracting external decl Int" }
{ "origin": "CodeQL Kotlin extractor", "timestamp": "2023-04-13 21:19:51", "kind": "INFO", "message": "Skipping extracting external decl Throwable" }
{ "origin": "CodeQL Kotlin extractor", "timestamp": "2023-04-13 21:19:51", "kind": "INFO", "message": "Skipping extracting external decl ResponseBody" }
{ "origin": "CodeQL Kotlin extractor", "timestamp": "2023-04-13 21:19:51", "kind": "INFO", "message": "Skipping extracting external decl HttpStatus" }
{ "origin": "CodeQL Kotlin extractor", "timestamp": "2023-04-13 21:19:51", "kind": "INFO", "message": "Skipping extracting external decl ControllerAdvice" }
{ "origin": "CodeQL Kotlin extractor", "timestamp": "2023-04-13 21:19:51", "kind": "INFO", "message": "Skipping extracting external decl Annotation" }
{ "origin": "CodeQL Kotlin extractor", "timestamp": "2023-04-13 21:19:51", "kind": "INFO", "message": "Skipping extracting external decl Annotation" }
{ "origin": "CodeQL Kotlin extractor", "timestamp": "2023-04-13 21:19:51", "kind": "INFO", "message": "Skipping extracting external decl Deprecated" }
{ "origin": "CodeQL Kotlin extractor", "timestamp": "2023-04-13 21:19:51", "kind": "INFO", "message": "Skipping extracting external decl MustBeDocumented" }
{ "origin": "CodeQL Kotlin extractor", "timestamp": "2023-04-13 21:19:51", "kind": "INFO", "message": "Skipping extracting external decl Retention" }
{ "origin": "CodeQL Kotlin extractor", "timestamp": "2023-04-13 21:19:51", "kind": "INFO", "message": "Skipping extracting external decl AnnotationRetention" }
{ "origin": "CodeQL Kotlin extractor", "timestamp": "2023-04-13 21:19:51", "kind": "INFO", "message": "Skipping extracting external decl Target" }
{ "origin": "CodeQL Kotlin extractor", "timestamp": "2023-04-13 21:19:51", "kind": "INFO", "message": "Skipping extracting external decl AnnotationTarget" }
{ "origin": "CodeQL Kotlin extractor", "timestamp": "2023-04-13 21:19:51", "kind": "INFO", "message": "Skipping extracting external decl Reflective" }
{ "origin": "CodeQL Kotlin extractor", "timestamp": "2023-04-13 21:19:51", "kind": "INFO", "message": "Skipping extracting external decl ReflectiveProcessor" }
{ "origin": "CodeQL Kotlin extractor", "timestamp": "2023-04-13 21:19:51", "kind": "INFO", "message": "Skipping extracting external decl ReflectionHints" }
{ "origin": "CodeQL Kotlin extractor", "timestamp": "2023-04-13 21:19:51", "kind": "INFO", "message": "Skipping extracting external decl MethodParameter" }
{ "origin": "CodeQL Kotlin extractor", "timestamp": "2023-04-13 21:19:51", "kind": "INFO", "message": "Skipping extracting external decl ControllerMappingReflectiveProcessor" }
{ "origin": "CodeQL Kotlin extractor", "timestamp": "2023-04-13 21:19:51", "kind": "INFO", "message": "Extracting file \/Users\/joaojunqueira\/IdeaProjects\/SecureCard\/src\/main\/kotlin\/com\/example\/securecard\/model\/Person.kt" }
{ "origin": "CodeQL Kotlin extractor", "timestamp": "2023-04-13 21:19:51", "kind": "INFO", "message": "Skipping extracting external decl Long" }
{ "origin": "CodeQL Kotlin extractor", "timestamp": "2023-04-13 21:19:51", "kind": "INFO", "message": "Skipping extracting external decl Long" }
{ "origin": "CodeQL Kotlin extractor", "timestamp": "2023-04-13 21:19:51", "kind": "INFO", "message": "Skipping extracting external decl String" }
{ "origin": "CodeQL Kotlin extractor", "timestamp": "2023-04-13 21:19:51", "kind": "INFO", "message": "Skipping extracting external decl String" }
{ "origin": "CodeQL Kotlin extractor", "timestamp": "2023-04-13 21:19:51", "kind": "INFO", "message": "Skipping extracting external decl Boolean" }
{ "origin": "CodeQL Kotlin extractor", "timestamp": "2023-04-13 21:19:51", "kind": "INFO", "message": "Skipping extracting external decl Boolean" }
{ "origin": "CodeQL Kotlin extractor", "timestamp": "2023-04-13 21:19:51", "kind": "INFO", "message": "Skipping extracting external decl Unit" }
{ "origin": "CodeQL Kotlin extractor", "timestamp": "2023-04-13 21:19:51", "kind": "INFO", "message": "Skipping extracting external decl NotNull" }
{ "origin": "CodeQL Kotlin extractor", "timestamp": "2023-04-13 21:19:51", "kind": "INFO", "message": "Skipping extracting external decl Object" }
{ "origin": "CodeQL Kotlin extractor", "timestamp": "2023-04-13 21:19:51", "kind": "INFO", "message": "Skipping extracting external decl Integer" }
{ "origin": "CodeQL Kotlin extractor", "timestamp": "2023-04-13 21:19:51", "kind": "INFO", "message": "Skipping extracting external decl Int" }
{ "origin": "CodeQL Kotlin extractor", "timestamp": "2023-04-13 21:19:51", "kind": "INFO", "message": "Skipping extracting external decl Any" }
{ "origin": "CodeQL Kotlin extractor", "timestamp": "2023-04-13 21:19:51", "kind": "INFO", "message": "Skipping extracting external decl Void" }
{ "origin": "CodeQL Kotlin extractor", "timestamp": "2023-04-13 21:19:51", "kind": "INFO", "message": "Skipping extracting external decl Nothing" }
{ "origin": "CodeQL Kotlin extractor", "timestamp": "2023-04-13 21:19:51", "kind": "INFO", "message": "Skipping extracting external decl Cloneable" }
{ "origin": "CodeQL Kotlin extractor", "timestamp": "2023-04-13 21:19:51", "kind": "INFO", "message": "Skipping extracting external decl Cloneable" }
{ "origin": "CodeQL Kotlin extractor", "timestamp": "2023-04-13 21:19:51", "kind": "INFO", "message": "Skipping extracting external decl Serializable" }
{ "origin": "CodeQL Kotlin extractor", "timestamp": "2023-04-13 21:19:51", "kind": "INFO", "message": "Skipping extracting external decl Deprecated" }
{ "origin": "CodeQL Kotlin extractor", "timestamp": "2023-04-13 21:19:51", "kind": "INFO", "message": "Skipping extracting external decl Annotation" }
{ "origin": "CodeQL Kotlin extractor", "timestamp": "2023-04-13 21:19:51", "kind": "INFO", "message": "Skipping extracting external decl Annotation" }
{ "origin": "CodeQL Kotlin extractor", "timestamp": "2023-04-13 21:19:51", "kind": "INFO", "message": "Skipping extracting external decl Retention" }
{ "origin": "CodeQL Kotlin extractor", "timestamp": "2023-04-13 21:19:51", "kind": "INFO", "message": "Skipping extracting external decl AnnotationRetention" }
{ "origin": "CodeQL Kotlin extractor", "timestamp": "2023-04-13 21:19:51", "kind": "INFO", "message": "Skipping extracting external decl Target" }
{ "origin": "CodeQL Kotlin extractor", "timestamp": "2023-04-13 21:19:51", "kind": "INFO", "message": "Skipping extracting external decl AnnotationTarget" }
{ "origin": "CodeQL Kotlin extractor", "timestamp": "2023-04-13 21:19:51", "kind": "INFO", "message": "Skipping extracting external decl Enum" }
{ "origin": "CodeQL Kotlin extractor", "timestamp": "2023-04-13 21:19:51", "kind": "INFO", "message": "Skipping extracting external decl Constable" }
{ "origin": "CodeQL Kotlin extractor", "timestamp": "2023-04-13 21:19:51", "kind": "INFO", "message": "Skipping extracting external decl Comparable" }
{ "origin": "CodeQL Kotlin extractor", "timestamp": "2023-04-13 21:19:51", "kind": "INFO", "message": "Skipping extracting external decl Comparable" }
{ "origin": "CodeQL Kotlin extractor", "timestamp": "2023-04-13 21:19:51", "kind": "INFO", "message": "Skipping extracting external decl Optional" }
{ "origin": "CodeQL Kotlin extractor", "timestamp": "2023-04-13 21:19:51", "kind": "INFO", "message": "Skipping extracting external decl EnumDesc" }
{ "origin": "CodeQL Kotlin extractor", "timestamp": "2023-04-13 21:19:51", "kind": "INFO", "message": "Skipping extracting external decl DynamicConstantDesc" }
{ "origin": "CodeQL Kotlin extractor", "timestamp": "2023-04-13 21:19:51", "kind": "INFO", "message": "Skipping extracting external decl ConstantDesc" }
{ "origin": "CodeQL Kotlin extractor", "timestamp": "2023-04-13 21:19:51", "kind": "INFO", "message": "Skipping extracting external decl Enum" }
{ "origin": "CodeQL Kotlin extractor", "timestamp": "2023-04-13 21:19:51", "kind": "INFO", "message": "Skipping extracting external decl Class" }
{ "origin": "CodeQL Kotlin extractor", "timestamp": "2023-04-13 21:19:51", "kind": "INFO", "message": "Skipping extracting external decl GenericDeclaration" }
{ "origin": "CodeQL Kotlin extractor", "timestamp": "2023-04-13 21:19:51", "kind": "INFO", "message": "Skipping extracting external decl Type" }
{ "origin": "CodeQL Kotlin extractor", "timestamp": "2023-04-13 21:19:51", "kind": "INFO", "message": "Skipping extracting external decl AnnotatedElement" }
{ "origin": "CodeQL Kotlin extractor", "timestamp": "2023-04-13 21:19:51", "kind": "INFO", "message": "Skipping extracting external decl OfField" }
{ "origin": "CodeQL Kotlin extractor", "timestamp": "2023-04-13 21:19:51", "kind": "INFO", "message": "Skipping extracting external decl TypeDescriptor" }
{ "origin": "CodeQL Kotlin extractor", "timestamp": "2023-04-13 21:19:51", "kind": "INFO", "message": "Skipping extracting external decl MustBeDocumented" }
{ "origin": "CodeQL Kotlin extractor", "timestamp": "2023-04-13 21:19:51", "kind": "INFO", "message": "Extracting file \/Users\/joaojunqueira\/IdeaProjects\/SecureCard\/src\/main\/kotlin\/com\/example\/securecard\/repository\/PersonRepository.kt" }
{ "origin": "CodeQL Kotlin extractor", "timestamp": "2023-04-13 21:19:51", "kind": "INFO", "message": "Skipping extracting external decl String" }
{ "origin": "CodeQL Kotlin extractor", "timestamp": "2023-04-13 21:19:51", "kind": "INFO", "message": "Skipping extracting external decl String" }
{ "origin": "CodeQL Kotlin extractor", "timestamp": "2023-04-13 21:19:51", "kind": "INFO", "message": "Skipping extracting external decl NotNull" }
{ "origin": "CodeQL Kotlin extractor", "timestamp": "2023-04-13 21:19:51", "kind": "INFO", "message": "Skipping extracting external decl Long" }
{ "origin": "CodeQL Kotlin extractor", "timestamp": "2023-04-13 21:19:51", "kind": "INFO", "message": "Skipping extracting external decl Long" }
{ "origin": "CodeQL Kotlin extractor", "timestamp": "2023-04-13 21:19:51", "kind": "INFO", "message": "Skipping extracting external decl Object" }
{ "origin": "CodeQL Kotlin extractor", "timestamp": "2023-04-13 21:19:51", "kind": "INFO", "message": "Skipping extracting external decl Any" }
{ "origin": "CodeQL Kotlin extractor", "timestamp": "2023-04-13 21:19:51", "kind": "INFO", "message": "Skipping extracting external decl Iterable" }
{ "origin": "CodeQL Kotlin extractor", "timestamp": "2023-04-13 21:19:51", "kind": "INFO", "message": "Skipping extracting external decl MutableIterable" }
{ "origin": "CodeQL Kotlin extractor", "timestamp": "2023-04-13 21:19:51", "kind": "INFO", "message": "Skipping extracting external decl Optional" }
{ "origin": "CodeQL Kotlin extractor", "timestamp": "2023-04-13 21:19:51", "kind": "INFO", "message": "Skipping extracting external decl Boolean" }
{ "origin": "CodeQL Kotlin extractor", "timestamp": "2023-04-13 21:19:51", "kind": "INFO", "message": "Skipping extracting external decl Boolean" }
{ "origin": "CodeQL Kotlin extractor", "timestamp": "2023-04-13 21:19:51", "kind": "INFO", "message": "Skipping extracting external decl Unit" }
{ "origin": "CodeQL Kotlin extractor", "timestamp": "2023-04-13 21:19:51", "kind": "INFO", "message": "Skipping extracting external decl List" }
{ "origin": "CodeQL Kotlin extractor", "timestamp": "2023-04-13 21:19:51", "kind": "INFO", "message": "Skipping extracting external decl Collection" }
{ "origin": "CodeQL Kotlin extractor", "timestamp": "2023-04-13 21:19:51", "kind": "INFO", "message": "Skipping extracting external decl MutableCollection" }
{ "origin": "CodeQL Kotlin extractor", "timestamp": "2023-04-13 21:19:51", "kind": "INFO", "message": "Skipping extracting external decl MutableList" }
{ "origin": "CodeQL Kotlin extractor", "timestamp": "2023-04-13 21:19:52", "kind": "INFO", "message": "Skipping extracting external decl Supplier" }
{ "origin": "CodeQL Kotlin extractor", "timestamp": "2023-04-13 21:19:52", "kind": "INFO", "message": "Skipping extracting external decl Stream" }
{ "origin": "CodeQL Kotlin extractor", "timestamp": "2023-04-13 21:19:52", "kind": "INFO", "message": "Skipping extracting external decl BaseStream" }
{ "origin": "CodeQL Kotlin extractor", "timestamp": "2023-04-13 21:19:52", "kind": "INFO", "message": "Skipping extracting external decl AutoCloseable" }
{ "origin": "CodeQL Kotlin extractor", "timestamp": "2023-04-13 21:19:52", "kind": "INFO", "message": "Skipping extracting external decl Function" }
{ "origin": "CodeQL Kotlin extractor", "timestamp": "2023-04-13 21:19:52", "kind": "INFO", "message": "Skipping extracting external decl Deprecated" }
{ "origin": "CodeQL Kotlin extractor", "timestamp": "2023-04-13 21:19:52", "kind": "INFO", "message": "Skipping extracting external decl Indexed" }
{ "origin": "CodeQL Kotlin extractor", "timestamp": "2023-04-13 21:19:52", "kind": "INFO", "message": "Skipping extracting external decl Iterator" }
{ "origin": "CodeQL Kotlin extractor", "timestamp": "2023-04-13 21:19:52", "kind": "INFO", "message": "Skipping extracting external decl MutableIterator" }
{ "origin": "CodeQL Kotlin extractor", "timestamp": "2023-04-13 21:19:52", "kind": "INFO", "message": "Skipping extracting external decl Nullable" }
{ "origin": "CodeQL Kotlin extractor", "timestamp": "2023-04-13 21:19:52", "kind": "INFO", "message": "Skipping extracting external decl Integer" }
{ "origin": "CodeQL Kotlin extractor", "timestamp": "2023-04-13 21:19:52", "kind": "INFO", "message": "Skipping extracting external decl Int" }
{ "origin": "CodeQL Kotlin extractor", "timestamp": "2023-04-13 21:19:52", "kind": "INFO", "message": "Skipping extracting external decl Cloneable" }
{ "origin": "CodeQL Kotlin extractor", "timestamp": "2023-04-13 21:19:52", "kind": "INFO", "message": "Skipping extracting external decl Cloneable" }
{ "origin": "CodeQL Kotlin extractor", "timestamp": "2023-04-13 21:19:52", "kind": "INFO", "message": "Skipping extracting external decl Serializable" }
{ "origin": "CodeQL Kotlin extractor", "timestamp": "2023-04-13 21:19:52", "kind": "INFO", "message": "Skipping extracting external decl Class" }
{ "origin": "CodeQL Kotlin extractor", "timestamp": "2023-04-13 21:19:52", "kind": "INFO", "message": "Skipping extracting external decl GenericDeclaration" }
{ "origin": "CodeQL Kotlin extractor", "timestamp": "2023-04-13 21:19:52", "kind": "INFO", "message": "Skipping extracting external decl Type" }
{ "origin": "CodeQL Kotlin extractor", "timestamp": "2023-04-13 21:19:52", "kind": "INFO", "message": "Skipping extracting external decl AnnotatedElement" }
{ "origin": "CodeQL Kotlin extractor", "timestamp": "2023-04-13 21:19:52", "kind": "INFO", "message": "Skipping extracting external decl OfField" }
{ "origin": "CodeQL Kotlin extractor", "timestamp": "2023-04-13 21:19:52", "kind": "INFO", "message": "Skipping extracting external decl TypeDescriptor" }
{ "origin": "CodeQL Kotlin extractor", "timestamp": "2023-04-13 21:19:52", "kind": "INFO", "message": "Skipping extracting external decl Constable" }
{ "origin": "CodeQL Kotlin extractor", "timestamp": "2023-04-13 21:19:52", "kind": "INFO", "message": "Skipping extracting external decl Consumer" }
{ "origin": "CodeQL Kotlin extractor", "timestamp": "2023-04-13 21:19:52", "kind": "INFO", "message": "Skipping extracting external decl Spliterator" }
{ "origin": "CodeQL Kotlin extractor", "timestamp": "2023-04-13 21:19:52", "kind": "INFO", "message": "Skipping extracting external decl Predicate" }
{ "origin": "CodeQL Kotlin extractor", "timestamp": "2023-04-13 21:19:52", "kind": "INFO", "message": "Skipping extracting external decl Set" }
{ "origin": "CodeQL Kotlin extractor", "timestamp": "2023-04-13 21:19:52", "kind": "INFO", "message": "Skipping extracting external decl MutableSet" }
{ "origin": "CodeQL Kotlin extractor", "timestamp": "2023-04-13 21:19:52", "kind": "INFO", "message": "Skipping extracting external decl Collector" }
{ "origin": "CodeQL Kotlin extractor", "timestamp": "2023-04-13 21:19:52", "kind": "INFO", "message": "Skipping extracting external decl SafeVarargs" }
{ "origin": "CodeQL Kotlin extractor", "timestamp": "2023-04-13 21:19:52", "kind": "INFO", "message": "Skipping extracting external decl FunctionalInterface" }
{ "origin": "CodeQL Kotlin extractor", "timestamp": "2023-04-13 21:19:52", "kind": "INFO", "message": "Skipping extracting external decl Annotation" }
{ "origin": "CodeQL Kotlin extractor", "timestamp": "2023-04-13 21:19:52", "kind": "INFO", "message": "Skipping extracting external decl Annotation" }
{ "origin": "CodeQL Kotlin extractor", "timestamp": "2023-04-13 21:19:52", "kind": "INFO", "message": "Skipping extracting external decl MustBeDocumented" }
{ "origin": "CodeQL Kotlin extractor", "timestamp": "2023-04-13 21:19:52", "kind": "INFO", "message": "Skipping extracting external decl Retention" }
{ "origin": "CodeQL Kotlin extractor", "timestamp": "2023-04-13 21:19:52", "kind": "INFO", "message": "Skipping extracting external decl AnnotationRetention" }
{ "origin": "CodeQL Kotlin extractor", "timestamp": "2023-04-13 21:19:52", "kind": "INFO", "message": "Skipping extracting external decl Target" }
{ "origin": "CodeQL Kotlin extractor", "timestamp": "2023-04-13 21:19:52", "kind": "INFO", "message": "Skipping extracting external decl AnnotationTarget" }
{ "origin": "CodeQL Kotlin extractor", "timestamp": "2023-04-13 21:19:52", "kind": "INFO", "message": "Skipping extracting external decl Component" }
{ "origin": "CodeQL Kotlin extractor", "timestamp": "2023-04-13 21:19:52", "kind": "INFO", "message": "Skipping extracting external decl Enum" }
{ "origin": "CodeQL Kotlin extractor", "timestamp": "2023-04-13 21:19:52", "kind": "INFO", "message": "Skipping extracting external decl Comparable" }
{ "origin": "CodeQL Kotlin extractor", "timestamp": "2023-04-13 21:19:52", "kind": "INFO", "message": "Skipping extracting external decl Comparable" }
{ "origin": "CodeQL Kotlin extractor", "timestamp": "2023-04-13 21:19:52", "kind": "INFO", "message": "Skipping extracting external decl EnumDesc" }
{ "origin": "CodeQL Kotlin extractor", "timestamp": "2023-04-13 21:19:52", "kind": "INFO", "message": "Skipping extracting external decl DynamicConstantDesc" }
{ "origin": "CodeQL Kotlin extractor", "timestamp": "2023-04-13 21:19:52", "kind": "INFO", "message": "Skipping extracting external decl ConstantDesc" }
{ "origin": "CodeQL Kotlin extractor", "timestamp": "2023-04-13 21:19:52", "kind": "INFO", "message": "Skipping extracting external decl Enum" }
{ "origin": "CodeQL Kotlin extractor", "timestamp": "2023-04-13 21:19:52", "kind": "INFO", "message": "Skipping extracting external decl Map" }
{ "origin": "CodeQL Kotlin extractor", "timestamp": "2023-04-13 21:19:52", "kind": "INFO", "message": "Skipping extracting external decl MutableMap" }
{ "origin": "CodeQL Kotlin extractor", "timestamp": "2023-04-13 21:19:52", "kind": "INFO", "message": "Skipping extracting external decl Method" }
{ "origin": "CodeQL Kotlin extractor", "timestamp": "2023-04-13 21:19:52", "kind": "INFO", "message": "Extracting file \/Users\/joaojunqueira\/IdeaProjects\/SecureCard\/src\/main\/kotlin\/com\/example\/securecard\/services\/PersonService.kt" }
{ "origin": "CodeQL Kotlin extractor", "timestamp": "2023-04-13 21:19:52", "kind": "INFO", "message": "Skipping extracting external decl Unit" }
{ "origin": "CodeQL Kotlin extractor", "timestamp": "2023-04-13 21:19:52", "kind": "INFO", "message": "Skipping extracting external decl NotNull" }
{ "origin": "CodeQL Kotlin extractor", "timestamp": "2023-04-13 21:19:52", "kind": "INFO", "message": "Skipping extracting external decl String" }
{ "origin": "CodeQL Kotlin extractor", "timestamp": "2023-04-13 21:19:52", "kind": "INFO", "message": "Skipping extracting external decl String" }
{ "origin": "CodeQL Kotlin extractor", "timestamp": "2023-04-13 21:19:52", "kind": "INFO", "message": "Skipping extracting external decl Object" }
{ "origin": "CodeQL Kotlin extractor", "timestamp": "2023-04-13 21:19:52", "kind": "INFO", "message": "Skipping extracting external decl Iterable" }
{ "origin": "CodeQL Kotlin extractor", "timestamp": "2023-04-13 21:19:52", "kind": "INFO", "message": "Skipping extracting external decl Any" }
{ "origin": "CodeQL Kotlin extractor", "timestamp": "2023-04-13 21:19:52", "kind": "INFO", "message": "Skipping extracting external decl MutableIterable" }
{ "origin": "CodeQL Kotlin extractor", "timestamp": "2023-04-13 21:19:52", "kind": "INFO", "message": "Skipping extracting external decl List" }
{ "origin": "CodeQL Kotlin extractor", "timestamp": "2023-04-13 21:19:52", "kind": "INFO", "message": "Skipping extracting external decl Collection" }
{ "origin": "CodeQL Kotlin extractor", "timestamp": "2023-04-13 21:19:52", "kind": "INFO", "message": "Skipping extracting external decl MutableCollection" }
{ "origin": "CodeQL Kotlin extractor", "timestamp": "2023-04-13 21:19:52", "kind": "INFO", "message": "Skipping extracting external decl List" }
{ "origin": "CodeQL Kotlin extractor", "timestamp": "2023-04-13 21:19:52", "kind": "INFO", "message": "Skipping extracting external decl ListCrudRepository" }
{ "origin": "CodeQL Kotlin extractor", "timestamp": "2023-04-13 21:19:52", "kind": "INFO", "message": "Skipping extracting external decl MutableList" }
{ "origin": "CodeQL Kotlin extractor", "timestamp": "2023-04-13 21:19:52", "kind": "INFO", "message": "Skipping extracting external decl Long" }
{ "origin": "CodeQL Kotlin extractor", "timestamp": "2023-04-13 21:19:52", "kind": "INFO", "message": "Skipping extracting external decl Long" }
{ "origin": "CodeQL Kotlin extractor", "timestamp": "2023-04-13 21:19:52", "kind": "INFO", "message": "Skipping extracting external decl Optional" }
{ "origin": "CodeQL Kotlin extractor", "timestamp": "2023-04-13 21:19:52", "kind": "INFO", "message": "Skipping extracting external decl Boolean" }
{ "origin": "CodeQL Kotlin extractor", "timestamp": "2023-04-13 21:19:52", "kind": "INFO", "message": "Skipping extracting external decl Boolean" }
{ "origin": "CodeQL Kotlin extractor", "timestamp": "2023-04-13 21:19:52", "kind": "INFO", "message": "Skipping extracting external decl Integer" }
{ "origin": "CodeQL Kotlin extractor", "timestamp": "2023-04-13 21:19:52", "kind": "INFO", "message": "Skipping extracting external decl Int" }
{ "origin": "CodeQL Kotlin extractor", "timestamp": "2023-04-13 21:19:52", "kind": "INFO", "message": "Skipping extracting external decl Consumer" }
{ "origin": "CodeQL Kotlin extractor", "timestamp": "2023-04-13 21:19:52", "kind": "INFO", "message": "Skipping extracting external decl Runnable" }
{ "origin": "CodeQL Kotlin extractor", "timestamp": "2023-04-13 21:19:52", "kind": "INFO", "message": "Skipping extracting external decl Predicate" }
{ "origin": "CodeQL Kotlin extractor", "timestamp": "2023-04-13 21:19:52", "kind": "INFO", "message": "Skipping extracting external decl Function" }
{ "origin": "CodeQL Kotlin extractor", "timestamp": "2023-04-13 21:19:52", "kind": "INFO", "message": "Skipping extracting external decl Supplier" }
{ "origin": "CodeQL Kotlin extractor", "timestamp": "2023-04-13 21:19:52", "kind": "INFO", "message": "Skipping extracting external decl Stream" }
{ "origin": "CodeQL Kotlin extractor", "timestamp": "2023-04-13 21:19:52", "kind": "INFO", "message": "Skipping extracting external decl BaseStream" }
{ "origin": "CodeQL Kotlin extractor", "timestamp": "2023-04-13 21:19:52", "kind": "INFO", "message": "Skipping extracting external decl AutoCloseable" }
{ "origin": "CodeQL Kotlin extractor", "timestamp": "2023-04-13 21:19:52", "kind": "INFO", "message": "Skipping extracting external decl Throwable" }
{ "origin": "CodeQL Kotlin extractor", "timestamp": "2023-04-13 21:19:52", "kind": "INFO", "message": "Skipping extracting external decl Throwable" }
{ "origin": "CodeQL Kotlin extractor", "timestamp": "2023-04-13 21:19:52", "kind": "INFO", "message": "Skipping extracting external decl CrudRepository" }
{ "origin": "CodeQL Kotlin extractor", "timestamp": "2023-04-13 21:19:52", "kind": "INFO", "message": "Skipping extracting external decl Void" }
{ "origin": "CodeQL Kotlin extractor", "timestamp": "2023-04-13 21:19:52", "kind": "INFO", "message": "Skipping extracting external decl Nothing" }
{ "origin": "CodeQL Kotlin extractor", "timestamp": "2023-04-13 21:19:52", "kind": "INFO", "message": "Skipping extracting external decl Annotation" }
{ "origin": "CodeQL Kotlin extractor", "timestamp": "2023-04-13 21:19:52", "kind": "INFO", "message": "Skipping extracting external decl Annotation" }
{ "origin": "CodeQL Kotlin extractor", "timestamp": "2023-04-13 21:19:52", "kind": "INFO", "message": "Skipping extracting external decl Deprecated" }
{ "origin": "CodeQL Kotlin extractor", "timestamp": "2023-04-13 21:19:52", "kind": "INFO", "message": "Skipping extracting external decl MustBeDocumented" }
{ "origin": "CodeQL Kotlin extractor", "timestamp": "2023-04-13 21:19:52", "kind": "INFO", "message": "Skipping extracting external decl Retention" }
{ "origin": "CodeQL Kotlin extractor", "timestamp": "2023-04-13 21:19:52", "kind": "INFO", "message": "Skipping extracting external decl AnnotationRetention" }
{ "origin": "CodeQL Kotlin extractor", "timestamp": "2023-04-13 21:19:52", "kind": "INFO", "message": "Skipping extracting external decl Target" }
{ "origin": "CodeQL Kotlin extractor", "timestamp": "2023-04-13 21:19:52", "kind": "INFO", "message": "Skipping extracting external decl AnnotationTarget" }
{ "origin": "CodeQL Kotlin extractor", "timestamp": "2023-04-13 21:19:52", "kind": "INFO", "message": "Skipping extracting external decl Cloneable" }
{ "origin": "CodeQL Kotlin extractor", "timestamp": "2023-04-13 21:19:52", "kind": "INFO", "message": "Skipping extracting external decl Cloneable" }
{ "origin": "CodeQL Kotlin extractor", "timestamp": "2023-04-13 21:19:52", "kind": "INFO", "message": "Skipping extracting external decl Serializable" }
{ "origin": "CodeQL Kotlin extractor", "timestamp": "2023-04-13 21:19:52", "kind": "INFO", "message": "Skipping extracting external decl Component" }
{ "origin": "CodeQL Kotlin extractor", "timestamp": "2023-04-13 21:19:52", "kind": "INFO", "message": "Peak memory: Usage after extractor" }
{ "origin": "CodeQL Kotlin extractor", "timestamp": "2023-04-13 21:19:52", "kind": "INFO", "message": "Peak memory: * Peak for non-heap bean CodeHeap 'non-nmethods' is 1641088" }
{ "origin": "CodeQL Kotlin extractor", "timestamp": "2023-04-13 21:19:52", "kind": "INFO", "message": "Peak memory: * Peak for non-heap bean Metaspace is 71874936" }
{ "origin": "CodeQL Kotlin extractor", "timestamp": "2023-04-13 21:19:52", "kind": "INFO", "message": "Peak memory: * Peak for non-heap bean CodeHeap 'profiled nmethods' is 25990272" }
{ "origin": "CodeQL Kotlin extractor", "timestamp": "2023-04-13 21:19:52", "kind": "INFO", "message": "Peak memory: * Peak for non-heap bean Compressed Class Space is 7987720" }
{ "origin": "CodeQL Kotlin extractor", "timestamp": "2023-04-13 21:19:52", "kind": "INFO", "message": "Peak memory: * Peak for heap bean G1 Eden Space is 91226112" }
{ "origin": "CodeQL Kotlin extractor", "timestamp": "2023-04-13 21:19:52", "kind": "INFO", "message": "Peak memory: * Peak for heap bean G1 Old Gen is 276354560" }
{ "origin": "CodeQL Kotlin extractor", "timestamp": "2023-04-13 21:19:52", "kind": "INFO", "message": "Peak memory: * Peak for heap bean G1 Survivor Space is 10088352" }
{ "origin": "CodeQL Kotlin extractor", "timestamp": "2023-04-13 21:19:52", "kind": "INFO", "message": "Peak memory: * Peak for non-heap bean CodeHeap 'non-profiled nmethods' is 9994624" }
{ "origin": "CodeQL Kotlin extractor", "timestamp": "2023-04-13 21:19:52", "kind": "INFO", "message": "Peak memory: * Total heap peak: 377669024" }
{ "origin": "CodeQL Kotlin extractor", "timestamp": "2023-04-13 21:19:52", "kind": "INFO", "message": "Peak memory: * Total non-heap peak: 117488640" }
{ "origin": "CodeQL Kotlin extractor", "timestamp": "2023-04-13 21:19:52", "kind": "INFO", "message": "Extraction completed" }
